[0.364s] Invoking command in '/home/rishi/aurdinorobot_ws/build/aurdinorobot_controller': CMAKE_PREFIX_PATH=${CMAKE_PREFIX_PATH}:/home/rishi/aurdinorobot_ws/install/aurdinobot_py_examples:/home/rishi/Desktop/ROS2-Self-Driving-Car-AI-using-OpenCV-34dbd42379571ce15dfddcd7bb851ab772a2b23d/install/self_driving_car_pkg:/opt/ros/humble /usr/bin/cmake /home/rishi/aurdinorobot_ws/src/aurdinorobot_controller -DCMAKE_INSTALL_PREFIX=/home/rishi/aurdinorobot_ws/install/aurdinorobot_controller
[0.547s] -- The C compiler identification is GNU 11.4.0
[0.703s] -- The CXX compiler identification is GNU 7.5.0
[0.719s] -- Detecting C compiler ABI info
[0.836s] -- Detecting C compiler ABI info - done
[0.848s] -- Check for working C compiler: /usr/bin/cc - skipped
[0.849s] -- Detecting C compile features
[0.850s] -- Detecting C compile features - done
[0.856s] -- Detecting CXX compiler ABI info
[0.985s] -- Detecting CXX compiler ABI info - done
[0.999s] -- Check for working CXX compiler: /usr/bin/c++ - skipped
[0.999s] -- Detecting CXX compile features
[1.000s] -- Detecting CXX compile features - done
[1.007s] -- Found ament_cmake: 1.3.8 (/opt/ros/humble/share/ament_cmake/cmake)
[1.781s] -- Found Python3: /usr/bin/python3 (found version "3.10.12") found components: Interpreter 
[1.991s] -- Found ament_lint_auto: 0.12.10 (/opt/ros/humble/share/ament_lint_auto/cmake)
[2.202s] -- Added test 'lint_cmake' to check CMake code style
[2.210s] -- Added test 'xmllint' to check XML markup files
[2.214s] -- Configuring done
[2.221s] -- Generating done
[2.226s] -- Build files have been written to: /home/rishi/aurdinorobot_ws/build/aurdinorobot_controller
[2.242s] Invoked command in '/home/rishi/aurdinorobot_ws/build/aurdinorobot_controller' returned '0': CMAKE_PREFIX_PATH=${CMAKE_PREFIX_PATH}:/home/rishi/aurdinorobot_ws/install/aurdinobot_py_examples:/home/rishi/Desktop/ROS2-Self-Driving-Car-AI-using-OpenCV-34dbd42379571ce15dfddcd7bb851ab772a2b23d/install/self_driving_car_pkg:/opt/ros/humble /usr/bin/cmake /home/rishi/aurdinorobot_ws/src/aurdinorobot_controller -DCMAKE_INSTALL_PREFIX=/home/rishi/aurdinorobot_ws/install/aurdinorobot_controller
[2.243s] Invoking command in '/home/rishi/aurdinorobot_ws/build/aurdinorobot_controller': CMAKE_PREFIX_PATH=${CMAKE_PREFIX_PATH}:/home/rishi/aurdinorobot_ws/install/aurdinobot_py_examples:/home/rishi/Desktop/ROS2-Self-Driving-Car-AI-using-OpenCV-34dbd42379571ce15dfddcd7bb851ab772a2b23d/install/self_driving_car_pkg:/opt/ros/humble /usr/bin/cmake --build /home/rishi/aurdinorobot_ws/build/aurdinorobot_controller -- -j8 -l8
[2.375s] Invoked command in '/home/rishi/aurdinorobot_ws/build/aurdinorobot_controller' returned '0': CMAKE_PREFIX_PATH=${CMAKE_PREFIX_PATH}:/home/rishi/aurdinorobot_ws/install/aurdinobot_py_examples:/home/rishi/Desktop/ROS2-Self-Driving-Car-AI-using-OpenCV-34dbd42379571ce15dfddcd7bb851ab772a2b23d/install/self_driving_car_pkg:/opt/ros/humble /usr/bin/cmake --build /home/rishi/aurdinorobot_ws/build/aurdinorobot_controller -- -j8 -l8
[2.420s] Invoking command in '/home/rishi/aurdinorobot_ws/build/aurdinorobot_controller': CMAKE_PREFIX_PATH=${CMAKE_PREFIX_PATH}:/home/rishi/aurdinorobot_ws/install/aurdinobot_py_examples:/home/rishi/Desktop/ROS2-Self-Driving-Car-AI-using-OpenCV-34dbd42379571ce15dfddcd7bb851ab772a2b23d/install/self_driving_car_pkg:/opt/ros/humble /usr/bin/cmake --install /home/rishi/aurdinorobot_ws/build/aurdinorobot_controller
[2.432s] -- Install configuration: ""
[2.432s] -- Installing: /home/rishi/aurdinorobot_ws/install/aurdinorobot_controller/share/ament_index/resource_index/package_run_dependencies/aurdinorobot_controller
[2.432s] -- Installing: /home/rishi/aurdinorobot_ws/install/aurdinorobot_controller/share/ament_index/resource_index/parent_prefix_path/aurdinorobot_controller
[2.433s] -- Installing: /home/rishi/aurdinorobot_ws/install/aurdinorobot_controller/share/aurdinorobot_controller/environment/ament_prefix_path.sh
[2.433s] -- Installing: /home/rishi/aurdinorobot_ws/install/aurdinorobot_controller/share/aurdinorobot_controller/environment/ament_prefix_path.dsv
[2.433s] -- Installing: /home/rishi/aurdinorobot_ws/install/aurdinorobot_controller/share/aurdinorobot_controller/environment/path.sh
[2.433s] -- Installing: /home/rishi/aurdinorobot_ws/install/aurdinorobot_controller/share/aurdinorobot_controller/environment/path.dsv
[2.433s] -- Installing: /home/rishi/aurdinorobot_ws/install/aurdinorobot_controller/share/aurdinorobot_controller/local_setup.bash
[2.434s] -- Installing: /home/rishi/aurdinorobot_ws/install/aurdinorobot_controller/share/aurdinorobot_controller/local_setup.sh
[2.434s] -- Installing: /home/rishi/aurdinorobot_ws/install/aurdinorobot_controller/share/aurdinorobot_controller/local_setup.zsh
[2.434s] -- Installing: /home/rishi/aurdinorobot_ws/install/aurdinorobot_controller/share/aurdinorobot_controller/local_setup.dsv
[2.434s] -- Installing: /home/rishi/aurdinorobot_ws/install/aurdinorobot_controller/share/aurdinorobot_controller/package.dsv
[2.435s] -- Installing: /home/rishi/aurdinorobot_ws/install/aurdinorobot_controller/share/ament_index/resource_index/packages/aurdinorobot_controller
[2.435s] -- Installing: /home/rishi/aurdinorobot_ws/install/aurdinorobot_controller/share/aurdinorobot_controller/cmake/aurdinorobot_controllerConfig.cmake
[2.436s] -- Installing: /home/rishi/aurdinorobot_ws/install/aurdinorobot_controller/share/aurdinorobot_controller/cmake/aurdinorobot_controllerConfig-version.cmake
[2.436s] -- Installing: /home/rishi/aurdinorobot_ws/install/aurdinorobot_controller/share/aurdinorobot_controller/package.xml
[2.440s] Invoked command in '/home/rishi/aurdinorobot_ws/build/aurdinorobot_controller' returned '0': CMAKE_PREFIX_PATH=${CMAKE_PREFIX_PATH}:/home/rishi/aurdinorobot_ws/install/aurdinobot_py_examples:/home/rishi/Desktop/ROS2-Self-Driving-Car-AI-using-OpenCV-34dbd42379571ce15dfddcd7bb851ab772a2b23d/install/self_driving_car_pkg:/opt/ros/humble /usr/bin/cmake --install /home/rishi/aurdinorobot_ws/build/aurdinorobot_controller
