[1.002s] Invoking command in '/home/rishi/aurdinorobot_ws/src/aurdinobot_py_examples': PYTHONPATH=/home/rishi/aurdinorobot_ws/build/aurdinobot_py_examples/prefix_override:/home/rishi/aurdinorobot_ws/install/aurdinobot_py_examples/lib/python3.10/site-packages:${PYTHONPATH} /usr/bin/python3 -W ignore:setup.py install is deprecated setup.py egg_info --egg-base ../../build/aurdinobot_py_examples build --build-base /home/rishi/aurdinorobot_ws/build/aurdinobot_py_examples/build install --record /home/rishi/aurdinorobot_ws/build/aurdinobot_py_examples/install.log --single-version-externally-managed install_data
[1.308s] running egg_info
[1.328s] writing ../../build/aurdinobot_py_examples/aurdinobot_py_examples.egg-info/PKG-INFO
[1.329s] writing dependency_links to ../../build/aurdinobot_py_examples/aurdinobot_py_examples.egg-info/dependency_links.txt
[1.329s] writing entry points to ../../build/aurdinobot_py_examples/aurdinobot_py_examples.egg-info/entry_points.txt
[1.330s] writing requirements to ../../build/aurdinobot_py_examples/aurdinobot_py_examples.egg-info/requires.txt
[1.330s] writing top-level names to ../../build/aurdinobot_py_examples/aurdinobot_py_examples.egg-info/top_level.txt
[1.368s] reading manifest file '../../build/aurdinobot_py_examples/aurdinobot_py_examples.egg-info/SOURCES.txt'
[1.369s] writing manifest file '../../build/aurdinobot_py_examples/aurdinobot_py_examples.egg-info/SOURCES.txt'
[1.369s] running build
[1.369s] running build_py
[1.369s] copying aurdinobot_py_examples/simple_publisher.py -> /home/rishi/aurdinorobot_ws/build/aurdinobot_py_examples/build/lib/aurdinobot_py_examples
[1.370s] copying aurdinobot_py_examples/__init__.py -> /home/rishi/aurdinorobot_ws/build/aurdinobot_py_examples/build/lib/aurdinobot_py_examples
[1.370s] copying aurdinobot_py_examples/simple_parameter.py -> /home/rishi/aurdinorobot_ws/build/aurdinobot_py_examples/build/lib/aurdinobot_py_examples
[1.370s] running install
[1.377s] running install_lib
[1.396s] running install_data
[1.396s] copying package.xml -> /home/rishi/aurdinorobot_ws/install/aurdinobot_py_examples/share/aurdinobot_py_examples
[1.396s] running install_egg_info
[1.414s] removing '/home/rishi/aurdinorobot_ws/install/aurdinobot_py_examples/lib/python3.10/site-packages/aurdinobot_py_examples-0.0.0-py3.10.egg-info' (and everything under it)
[1.415s] Copying ../../build/aurdinobot_py_examples/aurdinobot_py_examples.egg-info to /home/rishi/aurdinorobot_ws/install/aurdinobot_py_examples/lib/python3.10/site-packages/aurdinobot_py_examples-0.0.0-py3.10.egg-info
[1.416s] running install_scripts
[1.568s] Installing simple_parameter script to /home/rishi/aurdinorobot_ws/install/aurdinobot_py_examples/lib/aurdinobot_py_examples
[1.568s] writing list of installed files to '/home/rishi/aurdinorobot_ws/build/aurdinobot_py_examples/install.log'
[1.612s] Invoked command in '/home/rishi/aurdinorobot_ws/src/aurdinobot_py_examples' returned '0': PYTHONPATH=/home/rishi/aurdinorobot_ws/build/aurdinobot_py_examples/prefix_override:/home/rishi/aurdinorobot_ws/install/aurdinobot_py_examples/lib/python3.10/site-packages:${PYTHONPATH} /usr/bin/python3 -W ignore:setup.py install is deprecated setup.py egg_info --egg-base ../../build/aurdinobot_py_examples build --build-base /home/rishi/aurdinorobot_ws/build/aurdinobot_py_examples/build install --record /home/rishi/aurdinorobot_ws/build/aurdinobot_py_examples/install.log --single-version-externally-managed install_data
