[0.308s] Invoking command in '/home/rishi/aurdinorobot_ws/build/aurdinorobot_controller': CMAKE_PREFIX_PATH=${CMAKE_PREFIX_PATH}:/home/rishi/aurdinorobot_ws/install/aurdinobot_py_examples:/home/rishi/Desktop/ROS2-Self-Driving-Car-AI-using-OpenCV-34dbd42379571ce15dfddcd7bb851ab772a2b23d/install/self_driving_car_pkg:/opt/ros/humble /usr/bin/cmake --build /home/rishi/aurdinorobot_ws/build/aurdinorobot_controller -- -j8 -l8
[0.340s] -- Found ament_cmake: 1.3.8 (/opt/ros/humble/share/ament_cmake/cmake)
[0.549s] -- Found ament_lint_auto: 0.12.10 (/opt/ros/humble/share/ament_lint_auto/cmake)
[0.650s] -- Added test 'lint_cmake' to check CMake code style
[0.651s] -- Added test 'xmllint' to check XML markup files
[0.652s] -- Configuring done
[0.656s] -- Generating done
[0.658s] -- Build files have been written to: /home/rishi/aurdinorobot_ws/build/aurdinorobot_controller
[0.688s] Invoked command in '/home/rishi/aurdinorobot_ws/build/aurdinorobot_controller' returned '0': CMAKE_PREFIX_PATH=${CMAKE_PREFIX_PATH}:/home/rishi/aurdinorobot_ws/install/aurdinobot_py_examples:/home/rishi/Desktop/ROS2-Self-Driving-Car-AI-using-OpenCV-34dbd42379571ce15dfddcd7bb851ab772a2b23d/install/self_driving_car_pkg:/opt/ros/humble /usr/bin/cmake --build /home/rishi/aurdinorobot_ws/build/aurdinorobot_controller -- -j8 -l8
[0.726s] Invoking command in '/home/rishi/aurdinorobot_ws/build/aurdinorobot_controller': CMAKE_PREFIX_PATH=${CMAKE_PREFIX_PATH}:/home/rishi/aurdinorobot_ws/install/aurdinobot_py_examples:/home/rishi/Desktop/ROS2-Self-Driving-Car-AI-using-OpenCV-34dbd42379571ce15dfddcd7bb851ab772a2b23d/install/self_driving_car_pkg:/opt/ros/humble /usr/bin/cmake --install /home/rishi/aurdinorobot_ws/build/aurdinorobot_controller
[0.738s] -- Install configuration: ""
[0.738s] -- Installing: /home/rishi/aurdinorobot_ws/install/aurdinorobot_controller/share/aurdinorobot_controller/config
[0.738s] -- Installing: /home/rishi/aurdinorobot_ws/install/aurdinorobot_controller/share/aurdinorobot_controller/config/aurdinorobot_controller.yaml
[0.739s] -- Up-to-date: /home/rishi/aurdinorobot_ws/install/aurdinorobot_controller/share/ament_index/resource_index/package_run_dependencies/aurdinorobot_controller
[0.739s] -- Up-to-date: /home/rishi/aurdinorobot_ws/install/aurdinorobot_controller/share/ament_index/resource_index/parent_prefix_path/aurdinorobot_controller
[0.739s] -- Up-to-date: /home/rishi/aurdinorobot_ws/install/aurdinorobot_controller/share/aurdinorobot_controller/environment/ament_prefix_path.sh
[0.739s] -- Installing: /home/rishi/aurdinorobot_ws/install/aurdinorobot_controller/share/aurdinorobot_controller/environment/ament_prefix_path.dsv
[0.740s] -- Up-to-date: /home/rishi/aurdinorobot_ws/install/aurdinorobot_controller/share/aurdinorobot_controller/environment/path.sh
[0.740s] -- Installing: /home/rishi/aurdinorobot_ws/install/aurdinorobot_controller/share/aurdinorobot_controller/environment/path.dsv
[0.740s] -- Up-to-date: /home/rishi/aurdinorobot_ws/install/aurdinorobot_controller/share/aurdinorobot_controller/local_setup.bash
[0.740s] -- Up-to-date: /home/rishi/aurdinorobot_ws/install/aurdinorobot_controller/share/aurdinorobot_controller/local_setup.sh
[0.741s] -- Up-to-date: /home/rishi/aurdinorobot_ws/install/aurdinorobot_controller/share/aurdinorobot_controller/local_setup.zsh
[0.741s] -- Installing: /home/rishi/aurdinorobot_ws/install/aurdinorobot_controller/share/aurdinorobot_controller/local_setup.dsv
[0.741s] -- Installing: /home/rishi/aurdinorobot_ws/install/aurdinorobot_controller/share/aurdinorobot_controller/package.dsv
[0.741s] -- Up-to-date: /home/rishi/aurdinorobot_ws/install/aurdinorobot_controller/share/ament_index/resource_index/packages/aurdinorobot_controller
[0.742s] -- Up-to-date: /home/rishi/aurdinorobot_ws/install/aurdinorobot_controller/share/aurdinorobot_controller/cmake/aurdinorobot_controllerConfig.cmake
[0.743s] -- Up-to-date: /home/rishi/aurdinorobot_ws/install/aurdinorobot_controller/share/aurdinorobot_controller/cmake/aurdinorobot_controllerConfig-version.cmake
[0.745s] -- Up-to-date: /home/rishi/aurdinorobot_ws/install/aurdinorobot_controller/share/aurdinorobot_controller/package.xml
[0.746s] Invoked command in '/home/rishi/aurdinorobot_ws/build/aurdinorobot_controller' returned '0': CMAKE_PREFIX_PATH=${CMAKE_PREFIX_PATH}:/home/rishi/aurdinorobot_ws/install/aurdinobot_py_examples:/home/rishi/Desktop/ROS2-Self-Driving-Car-AI-using-OpenCV-34dbd42379571ce15dfddcd7bb851ab772a2b23d/install/self_driving_car_pkg:/opt/ros/humble /usr/bin/cmake --install /home/rishi/aurdinorobot_ws/build/aurdinorobot_controller
