[0.023s] Invoking command in '/home/rishi/aurdinorobot_ws/build/aurdinobot_cpp_examples': CMAKE_PREFIX_PATH=/home/rishi/Desktop/ROS2-Self-Driving-Car-AI-using-OpenCV-34dbd42379571ce15dfddcd7bb851ab772a2b23d/install/self_driving_car_pkg:/opt/ros/humble /usr/bin/cmake /home/rishi/aurdinorobot_ws/src/aurdinobot_cpp_examples -DCMAKE_INSTALL_PREFIX=/home/rishi/aurdinorobot_ws/install/aurdinobot_cpp_examples
[0.195s] -- The C compiler identification is GNU 11.4.0
[0.342s] -- The CXX compiler identification is GNU 7.5.0
[0.357s] -- Detecting C compiler ABI info
[0.474s] -- Detecting C compiler ABI info - done
[0.485s] -- Check for working C compiler: /usr/bin/cc - skipped
[0.485s] -- Detecting C compile features
[0.486s] -- Detecting C compile features - done
[0.490s] -- Detecting CXX compiler ABI info
[0.618s] -- Detecting CXX compiler ABI info - done
[0.630s] -- Check for working CXX compiler: /usr/bin/c++ - skipped
[0.630s] -- Detecting CXX compile features
[0.631s] -- Detecting CXX compile features - done
[0.637s] -- Found ament_cmake: 1.3.8 (/opt/ros/humble/share/ament_cmake/cmake)
[0.855s] -- Found Python3: /usr/bin/python3 (found version "3.10.12") found components: Interpreter 
[1.000s] -- Found ament_lint_auto: 0.12.10 (/opt/ros/humble/share/ament_lint_auto/cmake)
[1.152s] -- Added test 'lint_cmake' to check CMake code style
[1.157s] -- Added test 'xmllint' to check XML markup files
[1.161s] -- Configuring done
[1.171s] -- Generating done
[1.175s] -- Build files have been written to: /home/rishi/aurdinorobot_ws/build/aurdinobot_cpp_examples
