[0.033s] Invoking command in '/home/rishi/aurdinorobot_ws/build/aurdinobot_cpp_examples': CMAKE_PREFIX_PATH=${CMAKE_PREFIX_PATH}:/home/rishi/aurdinorobot_ws/install/aurdinobot_py_examples:/home/rishi/Desktop/ROS2-Self-Driving-Car-AI-using-OpenCV-34dbd42379571ce15dfddcd7bb851ab772a2b23d/install/self_driving_car_pkg:/opt/ros/humble /usr/bin/cmake --build /home/rishi/aurdinorobot_ws/build/aurdinobot_cpp_examples -- -j8 -l8
[0.358s] -- Found ament_cmake: 1.3.8 (/opt/ros/humble/share/ament_cmake/cmake)
[0.359s] -- Found rclcpp: 16.0.8 (/opt/ros/humble/share/rclcpp/cmake)
[0.388s] -- Found rosidl_generator_c: 3.1.5 (/opt/ros/humble/share/rosidl_generator_c/cmake)
[0.405s] -- Found rosidl_adapter: 3.1.5 (/opt/ros/humble/share/rosidl_adapter/cmake)
[0.473s] -- Found rosidl_generator_cpp: 3.1.5 (/opt/ros/humble/share/rosidl_generator_cpp/cmake)
[0.514s] -- Using all available rosidl_typesupport_c: rosidl_typesupport_fastrtps_c;rosidl_typesupport_introspection_c
[0.567s] -- Using all available rosidl_typesupport_cpp: rosidl_typesupport_fastrtps_cpp;rosidl_typesupport_introspection_cpp
[0.694s] -- Found rmw_implementation_cmake: 6.1.1 (/opt/ros/humble/share/rmw_implementation_cmake/cmake)
[0.701s] -- Found rmw_fastrtps_cpp: 6.2.6 (/opt/ros/humble/share/rmw_fastrtps_cpp/cmake)
[0.882s] -- Found OpenSSL: /usr/lib/x86_64-linux-gnu/libcrypto.so (found version "3.0.2")  
[0.926s] -- Found FastRTPS: /opt/ros/humble/include  
[0.999s] -- Using RMW implementation 'rmw_fastrtps_cpp' as default
[1.017s] -- Looking for pthread.h
[1.156s] -- Looking for pthread.h - found
[1.156s] -- Performing Test CMAKE_HAVE_LIBC_PTHREAD
[1.278s] -- Performing Test CMAKE_HAVE_LIBC_PTHREAD - Success
[1.279s] -- Found Threads: TRUE  
[1.542s] -- Found ament_lint_auto: 0.12.10 (/opt/ros/humble/share/ament_lint_auto/cmake)
[1.661s] -- Added test 'cppcheck' to perform static code analysis on C / C++ code
[1.661s] -- Configured cppcheck include dirs: 
[1.661s] -- Configured cppcheck exclude dirs and/or files: 
[1.663s] -- Added test 'lint_cmake' to check CMake code style
[1.664s] -- Added test 'uncrustify' to check C / C++ code style
[1.664s] -- Configured uncrustify additional arguments: 
[1.665s] -- Added test 'xmllint' to check XML markup files
[1.667s] -- Configuring done
[1.682s] -- Generating done
[1.684s] -- Build files have been written to: /home/rishi/aurdinorobot_ws/build/aurdinobot_cpp_examples
[1.741s] [ 50%] [32mBuilding CXX object CMakeFiles/simple_parameter.dir/src/simple_parameter.cpp.o[0m
[6.924s] [100%] [32m[1mLinking CXX executable simple_parameter[0m
[7.143s] [100%] Built target simple_parameter
[7.162s] Invoked command in '/home/rishi/aurdinorobot_ws/build/aurdinobot_cpp_examples' returned '0': CMAKE_PREFIX_PATH=${CMAKE_PREFIX_PATH}:/home/rishi/aurdinorobot_ws/install/aurdinobot_py_examples:/home/rishi/Desktop/ROS2-Self-Driving-Car-AI-using-OpenCV-34dbd42379571ce15dfddcd7bb851ab772a2b23d/install/self_driving_car_pkg:/opt/ros/humble /usr/bin/cmake --build /home/rishi/aurdinorobot_ws/build/aurdinobot_cpp_examples -- -j8 -l8
[7.200s] Invoking command in '/home/rishi/aurdinorobot_ws/build/aurdinobot_cpp_examples': CMAKE_PREFIX_PATH=${CMAKE_PREFIX_PATH}:/home/rishi/aurdinorobot_ws/install/aurdinobot_py_examples:/home/rishi/Desktop/ROS2-Self-Driving-Car-AI-using-OpenCV-34dbd42379571ce15dfddcd7bb851ab772a2b23d/install/self_driving_car_pkg:/opt/ros/humble /usr/bin/cmake --install /home/rishi/aurdinorobot_ws/build/aurdinobot_cpp_examples
[7.210s] -- Install configuration: ""
[7.210s] -- Installing: /home/rishi/aurdinorobot_ws/install/aurdinobot_cpp_examples/lib/aurdinobot_cpp_examples/simple_parameter
[7.211s] -- Set runtime path of "/home/rishi/aurdinorobot_ws/install/aurdinobot_cpp_examples/lib/aurdinobot_cpp_examples/simple_parameter" to ""
[7.211s] -- Installing: /home/rishi/aurdinorobot_ws/install/aurdinobot_cpp_examples/share/ament_index/resource_index/package_run_dependencies/aurdinobot_cpp_examples
[7.212s] -- Installing: /home/rishi/aurdinorobot_ws/install/aurdinobot_cpp_examples/share/ament_index/resource_index/parent_prefix_path/aurdinobot_cpp_examples
[7.212s] -- Up-to-date: /home/rishi/aurdinorobot_ws/install/aurdinobot_cpp_examples/share/aurdinobot_cpp_examples/environment/ament_prefix_path.sh
[7.212s] -- Installing: /home/rishi/aurdinorobot_ws/install/aurdinobot_cpp_examples/share/aurdinobot_cpp_examples/environment/ament_prefix_path.dsv
[7.212s] -- Up-to-date: /home/rishi/aurdinorobot_ws/install/aurdinobot_cpp_examples/share/aurdinobot_cpp_examples/environment/path.sh
[7.212s] -- Installing: /home/rishi/aurdinorobot_ws/install/aurdinobot_cpp_examples/share/aurdinobot_cpp_examples/environment/path.dsv
[7.213s] -- Up-to-date: /home/rishi/aurdinorobot_ws/install/aurdinobot_cpp_examples/share/aurdinobot_cpp_examples/local_setup.bash
[7.213s] -- Up-to-date: /home/rishi/aurdinorobot_ws/install/aurdinobot_cpp_examples/share/aurdinobot_cpp_examples/local_setup.sh
[7.213s] -- Up-to-date: /home/rishi/aurdinorobot_ws/install/aurdinobot_cpp_examples/share/aurdinobot_cpp_examples/local_setup.zsh
[7.213s] -- Installing: /home/rishi/aurdinorobot_ws/install/aurdinobot_cpp_examples/share/aurdinobot_cpp_examples/local_setup.dsv
[7.214s] -- Installing: /home/rishi/aurdinorobot_ws/install/aurdinobot_cpp_examples/share/aurdinobot_cpp_examples/package.dsv
[7.214s] -- Up-to-date: /home/rishi/aurdinorobot_ws/install/aurdinobot_cpp_examples/share/ament_index/resource_index/packages/aurdinobot_cpp_examples
[7.214s] -- Up-to-date: /home/rishi/aurdinorobot_ws/install/aurdinobot_cpp_examples/share/aurdinobot_cpp_examples/cmake/aurdinobot_cpp_examplesConfig.cmake
[7.214s] -- Up-to-date: /home/rishi/aurdinorobot_ws/install/aurdinobot_cpp_examples/share/aurdinobot_cpp_examples/cmake/aurdinobot_cpp_examplesConfig-version.cmake
[7.214s] -- Installing: /home/rishi/aurdinorobot_ws/install/aurdinobot_cpp_examples/share/aurdinobot_cpp_examples/package.xml
[7.217s] Invoked command in '/home/rishi/aurdinorobot_ws/build/aurdinobot_cpp_examples' returned '0': CMAKE_PREFIX_PATH=${CMAKE_PREFIX_PATH}:/home/rishi/aurdinorobot_ws/install/aurdinobot_py_examples:/home/rishi/Desktop/ROS2-Self-Driving-Car-AI-using-OpenCV-34dbd42379571ce15dfddcd7bb851ab772a2b23d/install/self_driving_car_pkg:/opt/ros/humble /usr/bin/cmake --install /home/rishi/aurdinorobot_ws/build/aurdinobot_cpp_examples
