[0.119s] DEBUG:colcon:Command line arguments: ['/usr/bin/colcon', 'build']
[0.119s] DEBUG:colcon:Parsed command line arguments: Namespace(log_base=None, log_level=None, verb_name='build', build_base='build', install_base='install', merge_install=False, symlink_install=False, test_result_base=None, continue_on_error=False, executor='parallel', parallel_workers=8, event_handlers=None, ignore_user_meta=False, metas=['./colcon.meta'], base_paths=['.'], packages_ignore=None, packages_ignore_regex=None, paths=None, packages_up_to=None, packages_up_to_regex=None, packages_above=None, packages_above_and_dependencies=None, packages_above_depth=None, packages_select_by_dep=None, packages_skip_by_dep=None, packages_skip_up_to=None, packages_select_build_failed=False, packages_skip_build_finished=False, packages_select_test_failures=False, packages_skip_test_passed=False, packages_select=None, packages_skip=None, packages_select_regex=None, packages_skip_regex=None, packages_start=None, packages_end=None, allow_overriding=[], cmake_args=None, cmake_target=None, cmake_target_skip_unavailable=False, cmake_clean_cache=False, cmake_clean_first=False, cmake_force_configure=False, ament_cmake_args=None, catkin_cmake_args=None, catkin_skip_building_tests=False, verb_parser=<colcon_defaults.argument_parser.defaults.DefaultArgumentsDecorator object at 0x77a1305000d0>, verb_extension=<colcon_core.verb.build.BuildVerb object at 0x77a1304c3b50>, main=<bound method BuildVerb.main of <colcon_core.verb.build.BuildVerb object at 0x77a1304c3b50>>)
[0.163s] Level 1:colcon.colcon_core.package_discovery:discover_packages(colcon_meta) check parameters
[0.163s] Level 1:colcon.colcon_core.package_discovery:discover_packages(recursive) check parameters
[0.163s] Level 1:colcon.colcon_core.package_discovery:discover_packages(ignore) check parameters
[0.163s] Level 1:colcon.colcon_core.package_discovery:discover_packages(path) check parameters
[0.163s] Level 1:colcon.colcon_core.package_discovery:discover_packages(colcon_meta) discover
[0.164s] Level 1:colcon.colcon_core.package_discovery:discover_packages(recursive) discover
[0.164s] INFO:colcon.colcon_core.package_discovery:Crawling recursively for packages in '/home/rishi/aurdinorobot_ws'
[0.164s] Level 1:colcon.colcon_core.package_identification:_identify(.) by extensions ['ignore', 'ignore_ament_install']
[0.164s] Level 1:colcon.colcon_core.package_identification:_identify(.) by extension 'ignore'
[0.164s] Level 1:colcon.colcon_core.package_identification:_identify(.) by extension 'ignore_ament_install'
[0.164s] Level 1:colcon.colcon_core.package_identification:_identify(.) by extensions ['colcon_pkg']
[0.164s] Level 1:colcon.colcon_core.package_identification:_identify(.) by extension 'colcon_pkg'
[0.164s] Level 1:colcon.colcon_core.package_identification:_identify(.) by extensions ['colcon_meta']
[0.164s] Level 1:colcon.colcon_core.package_identification:_identify(.) by extension 'colcon_meta'
[0.164s] Level 1:colcon.colcon_core.package_identification:_identify(.) by extensions ['ros']
[0.164s] Level 1:colcon.colcon_core.package_identification:_identify(.) by extension 'ros'
[0.181s] Level 1:colcon.colcon_core.package_identification:_identify(.) by extensions ['cmake', 'python']
[0.181s] Level 1:colcon.colcon_core.package_identification:_identify(.) by extension 'cmake'
[0.181s] Level 1:colcon.colcon_core.package_identification:_identify(.) by extension 'python'
[0.181s] Level 1:colcon.colcon_core.package_identification:_identify(.) by extensions ['python_setup_py']
[0.181s] Level 1:colcon.colcon_core.package_identification:_identify(.) by extension 'python_setup_py'
[0.181s] Level 1:colcon.colcon_core.package_identification:_identify(build) by extensions ['ignore', 'ignore_ament_install']
[0.181s] Level 1:colcon.colcon_core.package_identification:_identify(build) by extension 'ignore'
[0.181s] Level 1:colcon.colcon_core.package_identification:_identify(build) ignored
[0.181s] Level 1:colcon.colcon_core.package_identification:_identify(install) by extensions ['ignore', 'ignore_ament_install']
[0.181s] Level 1:colcon.colcon_core.package_identification:_identify(install) by extension 'ignore'
[0.182s] Level 1:colcon.colcon_core.package_identification:_identify(install) ignored
[0.182s] Level 1:colcon.colcon_core.package_identification:_identify(log) by extensions ['ignore', 'ignore_ament_install']
[0.182s] Level 1:colcon.colcon_core.package_identification:_identify(log) by extension 'ignore'
[0.182s] Level 1:colcon.colcon_core.package_identification:_identify(log) ignored
[0.182s] Level 1:colcon.colcon_core.package_identification:_identify(src) by extensions ['ignore', 'ignore_ament_install']
[0.182s] Level 1:colcon.colcon_core.package_identification:_identify(src) by extension 'ignore'
[0.182s] Level 1:colcon.colcon_core.package_identification:_identify(src) by extension 'ignore_ament_install'
[0.182s] Level 1:colcon.colcon_core.package_identification:_identify(src) by extensions ['colcon_pkg']
[0.182s] Level 1:colcon.colcon_core.package_identification:_identify(src) by extension 'colcon_pkg'
[0.182s] Level 1:colcon.colcon_core.package_identification:_identify(src) by extensions ['colcon_meta']
[0.182s] Level 1:colcon.colcon_core.package_identification:_identify(src) by extension 'colcon_meta'
[0.182s] Level 1:colcon.colcon_core.package_identification:_identify(src) by extensions ['ros']
[0.182s] Level 1:colcon.colcon_core.package_identification:_identify(src) by extension 'ros'
[0.182s] Level 1:colcon.colcon_core.package_identification:_identify(src) by extensions ['cmake', 'python']
[0.182s] Level 1:colcon.colcon_core.package_identification:_identify(src) by extension 'cmake'
[0.183s] Level 1:colcon.colcon_core.package_identification:_identify(src) by extension 'python'
[0.183s] Level 1:colcon.colcon_core.package_identification:_identify(src) by extensions ['python_setup_py']
[0.183s] Level 1:colcon.colcon_core.package_identification:_identify(src) by extension 'python_setup_py'
[0.183s] Level 1:colcon.colcon_core.package_identification:_identify(src/aurdinobot_cpp_examples) by extensions ['ignore', 'ignore_ament_install']
[0.183s] Level 1:colcon.colcon_core.package_identification:_identify(src/aurdinobot_cpp_examples) by extension 'ignore'
[0.183s] Level 1:colcon.colcon_core.package_identification:_identify(src/aurdinobot_cpp_examples) by extension 'ignore_ament_install'
[0.183s] Level 1:colcon.colcon_core.package_identification:_identify(src/aurdinobot_cpp_examples) by extensions ['colcon_pkg']
[0.183s] Level 1:colcon.colcon_core.package_identification:_identify(src/aurdinobot_cpp_examples) by extension 'colcon_pkg'
[0.183s] Level 1:colcon.colcon_core.package_identification:_identify(src/aurdinobot_cpp_examples) by extensions ['colcon_meta']
[0.183s] Level 1:colcon.colcon_core.package_identification:_identify(src/aurdinobot_cpp_examples) by extension 'colcon_meta'
[0.183s] Level 1:colcon.colcon_core.package_identification:_identify(src/aurdinobot_cpp_examples) by extensions ['ros']
[0.183s] Level 1:colcon.colcon_core.package_identification:_identify(src/aurdinobot_cpp_examples) by extension 'ros'
[0.186s] DEBUG:colcon.colcon_core.package_identification:Package 'src/aurdinobot_cpp_examples' with type 'ros.ament_cmake' and name 'aurdinobot_cpp_examples'
[0.186s] Level 1:colcon.colcon_core.package_identification:_identify(src/aurdinobot_py_examples) by extensions ['ignore', 'ignore_ament_install']
[0.186s] Level 1:colcon.colcon_core.package_identification:_identify(src/aurdinobot_py_examples) by extension 'ignore'
[0.186s] Level 1:colcon.colcon_core.package_identification:_identify(src/aurdinobot_py_examples) by extension 'ignore_ament_install'
[0.186s] Level 1:colcon.colcon_core.package_identification:_identify(src/aurdinobot_py_examples) by extensions ['colcon_pkg']
[0.186s] Level 1:colcon.colcon_core.package_identification:_identify(src/aurdinobot_py_examples) by extension 'colcon_pkg'
[0.186s] Level 1:colcon.colcon_core.package_identification:_identify(src/aurdinobot_py_examples) by extensions ['colcon_meta']
[0.186s] Level 1:colcon.colcon_core.package_identification:_identify(src/aurdinobot_py_examples) by extension 'colcon_meta'
[0.186s] Level 1:colcon.colcon_core.package_identification:_identify(src/aurdinobot_py_examples) by extensions ['ros']
[0.186s] Level 1:colcon.colcon_core.package_identification:_identify(src/aurdinobot_py_examples) by extension 'ros'
[0.187s] DEBUG:colcon.colcon_core.package_identification:Package 'src/aurdinobot_py_examples' with type 'ros.ament_python' and name 'aurdinobot_py_examples'
[0.187s] Level 1:colcon.colcon_core.package_identification:_identify(src/aurdinorobot_description) by extensions ['ignore', 'ignore_ament_install']
[0.187s] Level 1:colcon.colcon_core.package_identification:_identify(src/aurdinorobot_description) by extension 'ignore'
[0.187s] Level 1:colcon.colcon_core.package_identification:_identify(src/aurdinorobot_description) by extension 'ignore_ament_install'
[0.187s] Level 1:colcon.colcon_core.package_identification:_identify(src/aurdinorobot_description) by extensions ['colcon_pkg']
[0.187s] Level 1:colcon.colcon_core.package_identification:_identify(src/aurdinorobot_description) by extension 'colcon_pkg'
[0.187s] Level 1:colcon.colcon_core.package_identification:_identify(src/aurdinorobot_description) by extensions ['colcon_meta']
[0.187s] Level 1:colcon.colcon_core.package_identification:_identify(src/aurdinorobot_description) by extension 'colcon_meta'
[0.187s] Level 1:colcon.colcon_core.package_identification:_identify(src/aurdinorobot_description) by extensions ['ros']
[0.187s] Level 1:colcon.colcon_core.package_identification:_identify(src/aurdinorobot_description) by extension 'ros'
[0.188s] DEBUG:colcon.colcon_core.package_identification:Package 'src/aurdinorobot_description' with type 'ros.ament_cmake' and name 'aurdinorobot_description'
[0.188s] Level 1:colcon.colcon_core.package_discovery:discover_packages(recursive) using defaults
[0.188s] Level 1:colcon.colcon_core.package_discovery:discover_packages(ignore) discover
[0.188s] Level 1:colcon.colcon_core.package_discovery:discover_packages(ignore) using defaults
[0.188s] Level 1:colcon.colcon_core.package_discovery:discover_packages(path) discover
[0.188s] Level 1:colcon.colcon_core.package_discovery:discover_packages(path) using defaults
[0.210s] Level 1:colcon.colcon_core.package_discovery:discover_packages(prefix_path) check parameters
[0.210s] Level 1:colcon.colcon_core.package_discovery:discover_packages(prefix_path) discover
[0.212s] DEBUG:colcon.colcon_installed_package_information.package_discovery:Found 3 installed packages in /home/rishi/aurdinorobot_ws/install
[0.212s] DEBUG:colcon.colcon_installed_package_information.package_discovery:Found 1 installed packages in /home/rishi/Desktop/ROS2-Self-Driving-Car-AI-using-OpenCV-34dbd42379571ce15dfddcd7bb851ab772a2b23d/install
[0.214s] DEBUG:colcon.colcon_installed_package_information.package_discovery:Found 277 installed packages in /opt/ros/humble
[0.216s] Level 1:colcon.colcon_core.package_discovery:discover_packages(prefix_path) using defaults
[0.261s] Level 5:colcon.colcon_core.verb:set package 'aurdinobot_cpp_examples' build argument 'cmake_args' from command line to 'None'
[0.261s] Level 5:colcon.colcon_core.verb:set package 'aurdinobot_cpp_examples' build argument 'cmake_target' from command line to 'None'
[0.261s] Level 5:colcon.colcon_core.verb:set package 'aurdinobot_cpp_examples' build argument 'cmake_target_skip_unavailable' from command line to 'False'
[0.261s] Level 5:colcon.colcon_core.verb:set package 'aurdinobot_cpp_examples' build argument 'cmake_clean_cache' from command line to 'False'
[0.261s] Level 5:colcon.colcon_core.verb:set package 'aurdinobot_cpp_examples' build argument 'cmake_clean_first' from command line to 'False'
[0.261s] Level 5:colcon.colcon_core.verb:set package 'aurdinobot_cpp_examples' build argument 'cmake_force_configure' from command line to 'False'
[0.261s] Level 5:colcon.colcon_core.verb:set package 'aurdinobot_cpp_examples' build argument 'ament_cmake_args' from command line to 'None'
[0.261s] Level 5:colcon.colcon_core.verb:set package 'aurdinobot_cpp_examples' build argument 'catkin_cmake_args' from command line to 'None'
[0.261s] Level 5:colcon.colcon_core.verb:set package 'aurdinobot_cpp_examples' build argument 'catkin_skip_building_tests' from command line to 'False'
[0.261s] DEBUG:colcon.colcon_core.verb:Building package 'aurdinobot_cpp_examples' with the following arguments: {'ament_cmake_args': None, 'build_base': '/home/rishi/aurdinorobot_ws/build/aurdinobot_cpp_examples', 'catkin_cmake_args': None, 'catkin_skip_building_tests': False, 'cmake_args': None, 'cmake_clean_cache': False, 'cmake_clean_first': False, 'cmake_force_configure': False, 'cmake_target': None, 'cmake_target_skip_unavailable': False, 'install_base': '/home/rishi/aurdinorobot_ws/install/aurdinobot_cpp_examples', 'merge_install': False, 'path': '/home/rishi/aurdinorobot_ws/src/aurdinobot_cpp_examples', 'symlink_install': False, 'test_result_base': None}
[0.262s] Level 5:colcon.colcon_core.verb:set package 'aurdinobot_py_examples' build argument 'cmake_args' from command line to 'None'
[0.262s] Level 5:colcon.colcon_core.verb:set package 'aurdinobot_py_examples' build argument 'cmake_target' from command line to 'None'
[0.262s] Level 5:colcon.colcon_core.verb:set package 'aurdinobot_py_examples' build argument 'cmake_target_skip_unavailable' from command line to 'False'
[0.262s] Level 5:colcon.colcon_core.verb:set package 'aurdinobot_py_examples' build argument 'cmake_clean_cache' from command line to 'False'
[0.262s] Level 5:colcon.colcon_core.verb:set package 'aurdinobot_py_examples' build argument 'cmake_clean_first' from command line to 'False'
[0.262s] Level 5:colcon.colcon_core.verb:set package 'aurdinobot_py_examples' build argument 'cmake_force_configure' from command line to 'False'
[0.262s] Level 5:colcon.colcon_core.verb:set package 'aurdinobot_py_examples' build argument 'ament_cmake_args' from command line to 'None'
[0.262s] Level 5:colcon.colcon_core.verb:set package 'aurdinobot_py_examples' build argument 'catkin_cmake_args' from command line to 'None'
[0.262s] Level 5:colcon.colcon_core.verb:set package 'aurdinobot_py_examples' build argument 'catkin_skip_building_tests' from command line to 'False'
[0.262s] DEBUG:colcon.colcon_core.verb:Building package 'aurdinobot_py_examples' with the following arguments: {'ament_cmake_args': None, 'build_base': '/home/rishi/aurdinorobot_ws/build/aurdinobot_py_examples', 'catkin_cmake_args': None, 'catkin_skip_building_tests': False, 'cmake_args': None, 'cmake_clean_cache': False, 'cmake_clean_first': False, 'cmake_force_configure': False, 'cmake_target': None, 'cmake_target_skip_unavailable': False, 'install_base': '/home/rishi/aurdinorobot_ws/install/aurdinobot_py_examples', 'merge_install': False, 'path': '/home/rishi/aurdinorobot_ws/src/aurdinobot_py_examples', 'symlink_install': False, 'test_result_base': None}
[0.262s] Level 5:colcon.colcon_core.verb:set package 'aurdinorobot_description' build argument 'cmake_args' from command line to 'None'
[0.262s] Level 5:colcon.colcon_core.verb:set package 'aurdinorobot_description' build argument 'cmake_target' from command line to 'None'
[0.262s] Level 5:colcon.colcon_core.verb:set package 'aurdinorobot_description' build argument 'cmake_target_skip_unavailable' from command line to 'False'
[0.262s] Level 5:colcon.colcon_core.verb:set package 'aurdinorobot_description' build argument 'cmake_clean_cache' from command line to 'False'
[0.262s] Level 5:colcon.colcon_core.verb:set package 'aurdinorobot_description' build argument 'cmake_clean_first' from command line to 'False'
[0.262s] Level 5:colcon.colcon_core.verb:set package 'aurdinorobot_description' build argument 'cmake_force_configure' from command line to 'False'
[0.262s] Level 5:colcon.colcon_core.verb:set package 'aurdinorobot_description' build argument 'ament_cmake_args' from command line to 'None'
[0.262s] Level 5:colcon.colcon_core.verb:set package 'aurdinorobot_description' build argument 'catkin_cmake_args' from command line to 'None'
[0.263s] Level 5:colcon.colcon_core.verb:set package 'aurdinorobot_description' build argument 'catkin_skip_building_tests' from command line to 'False'
[0.263s] DEBUG:colcon.colcon_core.verb:Building package 'aurdinorobot_description' with the following arguments: {'ament_cmake_args': None, 'build_base': '/home/rishi/aurdinorobot_ws/build/aurdinorobot_description', 'catkin_cmake_args': None, 'catkin_skip_building_tests': False, 'cmake_args': None, 'cmake_clean_cache': False, 'cmake_clean_first': False, 'cmake_force_configure': False, 'cmake_target': None, 'cmake_target_skip_unavailable': False, 'install_base': '/home/rishi/aurdinorobot_ws/install/aurdinorobot_description', 'merge_install': False, 'path': '/home/rishi/aurdinorobot_ws/src/aurdinorobot_description', 'symlink_install': False, 'test_result_base': None}
[0.263s] INFO:colcon.colcon_core.executor:Executing jobs using 'parallel' executor
[0.264s] DEBUG:colcon.colcon_parallel_executor.executor.parallel:run_until_complete
[0.264s] INFO:colcon.colcon_ros.task.ament_cmake.build:Building ROS package in '/home/rishi/aurdinorobot_ws/src/aurdinobot_cpp_examples' with build type 'ament_cmake'
[0.264s] INFO:colcon.colcon_cmake.task.cmake.build:Building CMake package in '/home/rishi/aurdinorobot_ws/src/aurdinobot_cpp_examples'
[0.267s] INFO:colcon.colcon_core.plugin_system:Skipping extension 'colcon_core.shell.bat': Not used on non-Windows systems
[0.267s] INFO:colcon.colcon_core.shell:Skip shell extension 'powershell' for command environment: Not usable outside of PowerShell
[0.267s] DEBUG:colcon.colcon_core.shell:Skip shell extension 'dsv' for command environment
[0.272s] INFO:colcon.colcon_ros.task.ament_python.build:Building ROS package in '/home/rishi/aurdinorobot_ws/src/aurdinobot_py_examples' with build type 'ament_python'
[0.272s] Level 1:colcon.colcon_core.shell:create_environment_hook('aurdinobot_py_examples', 'ament_prefix_path')
[0.272s] INFO:colcon.colcon_core.shell:Creating environment hook '/home/rishi/aurdinorobot_ws/install/aurdinobot_py_examples/share/aurdinobot_py_examples/hook/ament_prefix_path.ps1'
[0.273s] INFO:colcon.colcon_core.shell:Creating environment descriptor '/home/rishi/aurdinorobot_ws/install/aurdinobot_py_examples/share/aurdinobot_py_examples/hook/ament_prefix_path.dsv'
[0.274s] INFO:colcon.colcon_core.shell:Creating environment hook '/home/rishi/aurdinorobot_ws/install/aurdinobot_py_examples/share/aurdinobot_py_examples/hook/ament_prefix_path.sh'
[0.275s] INFO:colcon.colcon_core.shell:Skip shell extension 'powershell' for command environment: Not usable outside of PowerShell
[0.275s] DEBUG:colcon.colcon_core.shell:Skip shell extension 'dsv' for command environment
[0.279s] INFO:colcon.colcon_ros.task.ament_cmake.build:Building ROS package in '/home/rishi/aurdinorobot_ws/src/aurdinorobot_description' with build type 'ament_cmake'
[0.280s] INFO:colcon.colcon_cmake.task.cmake.build:Building CMake package in '/home/rishi/aurdinorobot_ws/src/aurdinorobot_description'
[0.280s] INFO:colcon.colcon_core.shell:Skip shell extension 'powershell' for command environment: Not usable outside of PowerShell
[0.280s] DEBUG:colcon.colcon_core.shell:Skip shell extension 'dsv' for command environment
[0.293s] DEBUG:colcon.colcon_core.event_handler.log_command:Invoking command in '/home/rishi/aurdinorobot_ws/build/aurdinobot_cpp_examples': CMAKE_PREFIX_PATH=${CMAKE_PREFIX_PATH}:/home/rishi/aurdinorobot_ws/install/aurdinobot_py_examples:/home/rishi/Desktop/ROS2-Self-Driving-Car-AI-using-OpenCV-34dbd42379571ce15dfddcd7bb851ab772a2b23d/install/self_driving_car_pkg:/opt/ros/humble /usr/bin/cmake --build /home/rishi/aurdinorobot_ws/build/aurdinobot_cpp_examples -- -j8 -l8
[0.539s] INFO:colcon.colcon_core.task.python.build:Building Python package in '/home/rishi/aurdinorobot_ws/src/aurdinobot_py_examples'
[0.539s] INFO:colcon.colcon_core.shell:Skip shell extension 'powershell' for command environment: Not usable outside of PowerShell
[0.539s] DEBUG:colcon.colcon_core.shell:Skip shell extension 'dsv' for command environment
[0.554s] DEBUG:colcon.colcon_core.event_handler.log_command:Invoking command in '/home/rishi/aurdinorobot_ws/build/aurdinorobot_description': CMAKE_PREFIX_PATH=${CMAKE_PREFIX_PATH}:/home/rishi/aurdinorobot_ws/install/aurdinobot_py_examples:/home/rishi/Desktop/ROS2-Self-Driving-Car-AI-using-OpenCV-34dbd42379571ce15dfddcd7bb851ab772a2b23d/install/self_driving_car_pkg:/opt/ros/humble /usr/bin/cmake --build /home/rishi/aurdinorobot_ws/build/aurdinorobot_description -- -j8 -l8
[0.556s] DEBUG:colcon.colcon_core.event_handler.log_command:Invoked command in '/home/rishi/aurdinorobot_ws/build/aurdinobot_cpp_examples' returned '0': CMAKE_PREFIX_PATH=${CMAKE_PREFIX_PATH}:/home/rishi/aurdinorobot_ws/install/aurdinobot_py_examples:/home/rishi/Desktop/ROS2-Self-Driving-Car-AI-using-OpenCV-34dbd42379571ce15dfddcd7bb851ab772a2b23d/install/self_driving_car_pkg:/opt/ros/humble /usr/bin/cmake --build /home/rishi/aurdinorobot_ws/build/aurdinobot_cpp_examples -- -j8 -l8
[0.609s] DEBUG:colcon.colcon_core.event_handler.log_command:Invoking command in '/home/rishi/aurdinorobot_ws/build/aurdinobot_cpp_examples': CMAKE_PREFIX_PATH=${CMAKE_PREFIX_PATH}:/home/rishi/aurdinorobot_ws/install/aurdinobot_py_examples:/home/rishi/Desktop/ROS2-Self-Driving-Car-AI-using-OpenCV-34dbd42379571ce15dfddcd7bb851ab772a2b23d/install/self_driving_car_pkg:/opt/ros/humble /usr/bin/cmake --install /home/rishi/aurdinorobot_ws/build/aurdinobot_cpp_examples
[0.623s] Level 1:colcon.colcon_core.environment:create_environment_scripts_only(aurdinobot_cpp_examples)
[0.625s] DEBUG:colcon.colcon_core.event_handler.log_command:Invoked command in '/home/rishi/aurdinorobot_ws/build/aurdinobot_cpp_examples' returned '0': CMAKE_PREFIX_PATH=${CMAKE_PREFIX_PATH}:/home/rishi/aurdinorobot_ws/install/aurdinobot_py_examples:/home/rishi/Desktop/ROS2-Self-Driving-Car-AI-using-OpenCV-34dbd42379571ce15dfddcd7bb851ab772a2b23d/install/self_driving_car_pkg:/opt/ros/humble /usr/bin/cmake --install /home/rishi/aurdinorobot_ws/build/aurdinobot_cpp_examples
[0.627s] Level 1:colcon.colcon_core.environment:checking '/home/rishi/aurdinorobot_ws/install/aurdinobot_cpp_examples' for CMake module files
[0.628s] Level 1:colcon.colcon_core.environment:checking '/home/rishi/aurdinorobot_ws/install/aurdinobot_cpp_examples' for CMake config files
[0.628s] Level 1:colcon.colcon_core.shell:create_environment_hook('aurdinobot_cpp_examples', 'cmake_prefix_path')
[0.629s] INFO:colcon.colcon_core.shell:Creating environment hook '/home/rishi/aurdinorobot_ws/install/aurdinobot_cpp_examples/share/aurdinobot_cpp_examples/hook/cmake_prefix_path.ps1'
[0.629s] INFO:colcon.colcon_core.shell:Creating environment descriptor '/home/rishi/aurdinorobot_ws/install/aurdinobot_cpp_examples/share/aurdinobot_cpp_examples/hook/cmake_prefix_path.dsv'
[0.630s] INFO:colcon.colcon_core.shell:Creating environment hook '/home/rishi/aurdinorobot_ws/install/aurdinobot_cpp_examples/share/aurdinobot_cpp_examples/hook/cmake_prefix_path.sh'
[0.630s] Level 1:colcon.colcon_core.environment:checking '/home/rishi/aurdinorobot_ws/install/aurdinobot_cpp_examples/bin'
[0.631s] Level 1:colcon.colcon_core.environment:checking '/home/rishi/aurdinorobot_ws/install/aurdinobot_cpp_examples/lib/pkgconfig/aurdinobot_cpp_examples.pc'
[0.631s] Level 1:colcon.colcon_core.environment:checking '/home/rishi/aurdinorobot_ws/install/aurdinobot_cpp_examples/lib/python3.10/site-packages'
[0.631s] Level 1:colcon.colcon_core.environment:checking '/home/rishi/aurdinorobot_ws/install/aurdinobot_cpp_examples/bin'
[0.631s] INFO:colcon.colcon_core.shell:Creating package script '/home/rishi/aurdinorobot_ws/install/aurdinobot_cpp_examples/share/aurdinobot_cpp_examples/package.ps1'
[0.633s] INFO:colcon.colcon_core.shell:Creating package descriptor '/home/rishi/aurdinorobot_ws/install/aurdinobot_cpp_examples/share/aurdinobot_cpp_examples/package.dsv'
[0.633s] INFO:colcon.colcon_core.shell:Creating package script '/home/rishi/aurdinorobot_ws/install/aurdinobot_cpp_examples/share/aurdinobot_cpp_examples/package.sh'
[0.634s] INFO:colcon.colcon_core.shell:Creating package script '/home/rishi/aurdinorobot_ws/install/aurdinobot_cpp_examples/share/aurdinobot_cpp_examples/package.bash'
[0.635s] INFO:colcon.colcon_core.shell:Creating package script '/home/rishi/aurdinorobot_ws/install/aurdinobot_cpp_examples/share/aurdinobot_cpp_examples/package.zsh'
[0.636s] Level 1:colcon.colcon_core.environment:create_file_with_runtime_dependencies(/home/rishi/aurdinorobot_ws/install/aurdinobot_cpp_examples/share/colcon-core/packages/aurdinobot_cpp_examples)
[0.685s] Level 1:colcon.colcon_core.environment:create_environment_scripts_only(aurdinobot_cpp_examples)
[0.685s] Level 1:colcon.colcon_core.environment:checking '/home/rishi/aurdinorobot_ws/install/aurdinobot_cpp_examples' for CMake module files
[0.686s] Level 1:colcon.colcon_core.environment:checking '/home/rishi/aurdinorobot_ws/install/aurdinobot_cpp_examples' for CMake config files
[0.686s] Level 1:colcon.colcon_core.shell:create_environment_hook('aurdinobot_cpp_examples', 'cmake_prefix_path')
[0.686s] INFO:colcon.colcon_core.shell:Creating environment hook '/home/rishi/aurdinorobot_ws/install/aurdinobot_cpp_examples/share/aurdinobot_cpp_examples/hook/cmake_prefix_path.ps1'
[0.687s] INFO:colcon.colcon_core.shell:Creating environment descriptor '/home/rishi/aurdinorobot_ws/install/aurdinobot_cpp_examples/share/aurdinobot_cpp_examples/hook/cmake_prefix_path.dsv'
[0.687s] INFO:colcon.colcon_core.shell:Creating environment hook '/home/rishi/aurdinorobot_ws/install/aurdinobot_cpp_examples/share/aurdinobot_cpp_examples/hook/cmake_prefix_path.sh'
[0.688s] Level 1:colcon.colcon_core.environment:checking '/home/rishi/aurdinorobot_ws/install/aurdinobot_cpp_examples/bin'
[0.688s] Level 1:colcon.colcon_core.environment:checking '/home/rishi/aurdinorobot_ws/install/aurdinobot_cpp_examples/lib/pkgconfig/aurdinobot_cpp_examples.pc'
[0.689s] Level 1:colcon.colcon_core.environment:checking '/home/rishi/aurdinorobot_ws/install/aurdinobot_cpp_examples/lib/python3.10/site-packages'
[0.689s] Level 1:colcon.colcon_core.environment:checking '/home/rishi/aurdinorobot_ws/install/aurdinobot_cpp_examples/bin'
[0.689s] INFO:colcon.colcon_core.shell:Creating package script '/home/rishi/aurdinorobot_ws/install/aurdinobot_cpp_examples/share/aurdinobot_cpp_examples/package.ps1'
[0.690s] INFO:colcon.colcon_core.shell:Creating package descriptor '/home/rishi/aurdinorobot_ws/install/aurdinobot_cpp_examples/share/aurdinobot_cpp_examples/package.dsv'
[0.691s] INFO:colcon.colcon_core.shell:Creating package script '/home/rishi/aurdinorobot_ws/install/aurdinobot_cpp_examples/share/aurdinobot_cpp_examples/package.sh'
[0.692s] INFO:colcon.colcon_core.shell:Creating package script '/home/rishi/aurdinorobot_ws/install/aurdinobot_cpp_examples/share/aurdinobot_cpp_examples/package.bash'
[0.693s] INFO:colcon.colcon_core.shell:Creating package script '/home/rishi/aurdinorobot_ws/install/aurdinobot_cpp_examples/share/aurdinobot_cpp_examples/package.zsh'
[0.694s] Level 1:colcon.colcon_core.environment:create_file_with_runtime_dependencies(/home/rishi/aurdinorobot_ws/install/aurdinobot_cpp_examples/share/colcon-core/packages/aurdinobot_cpp_examples)
[0.959s] DEBUG:colcon.colcon_core.event_handler.log_command:Invoked command in '/home/rishi/aurdinorobot_ws/build/aurdinorobot_description' returned '0': CMAKE_PREFIX_PATH=${CMAKE_PREFIX_PATH}:/home/rishi/aurdinorobot_ws/install/aurdinobot_py_examples:/home/rishi/Desktop/ROS2-Self-Driving-Car-AI-using-OpenCV-34dbd42379571ce15dfddcd7bb851ab772a2b23d/install/self_driving_car_pkg:/opt/ros/humble /usr/bin/cmake --build /home/rishi/aurdinorobot_ws/build/aurdinorobot_description -- -j8 -l8
[1.007s] DEBUG:colcon.colcon_core.event_handler.log_command:Invoking command in '/home/rishi/aurdinorobot_ws/build/aurdinorobot_description': CMAKE_PREFIX_PATH=${CMAKE_PREFIX_PATH}:/home/rishi/aurdinorobot_ws/install/aurdinobot_py_examples:/home/rishi/Desktop/ROS2-Self-Driving-Car-AI-using-OpenCV-34dbd42379571ce15dfddcd7bb851ab772a2b23d/install/self_driving_car_pkg:/opt/ros/humble /usr/bin/cmake --install /home/rishi/aurdinorobot_ws/build/aurdinorobot_description
[1.072s] Level 1:colcon.colcon_core.environment:create_environment_scripts_only(aurdinorobot_description)
[1.072s] Level 1:colcon.colcon_core.environment:checking '/home/rishi/aurdinorobot_ws/install/aurdinorobot_description' for CMake module files
[1.073s] DEBUG:colcon.colcon_core.event_handler.log_command:Invoked command in '/home/rishi/aurdinorobot_ws/build/aurdinorobot_description' returned '0': CMAKE_PREFIX_PATH=${CMAKE_PREFIX_PATH}:/home/rishi/aurdinorobot_ws/install/aurdinobot_py_examples:/home/rishi/Desktop/ROS2-Self-Driving-Car-AI-using-OpenCV-34dbd42379571ce15dfddcd7bb851ab772a2b23d/install/self_driving_car_pkg:/opt/ros/humble /usr/bin/cmake --install /home/rishi/aurdinorobot_ws/build/aurdinorobot_description
[1.074s] Level 1:colcon.colcon_core.environment:checking '/home/rishi/aurdinorobot_ws/install/aurdinorobot_description' for CMake config files
[1.074s] Level 1:colcon.colcon_core.shell:create_environment_hook('aurdinorobot_description', 'cmake_prefix_path')
[1.075s] INFO:colcon.colcon_core.shell:Creating environment hook '/home/rishi/aurdinorobot_ws/install/aurdinorobot_description/share/aurdinorobot_description/hook/cmake_prefix_path.ps1'
[1.075s] INFO:colcon.colcon_core.shell:Creating environment descriptor '/home/rishi/aurdinorobot_ws/install/aurdinorobot_description/share/aurdinorobot_description/hook/cmake_prefix_path.dsv'
[1.075s] INFO:colcon.colcon_core.shell:Creating environment hook '/home/rishi/aurdinorobot_ws/install/aurdinorobot_description/share/aurdinorobot_description/hook/cmake_prefix_path.sh'
[1.076s] Level 1:colcon.colcon_core.environment:checking '/home/rishi/aurdinorobot_ws/install/aurdinorobot_description/bin'
[1.076s] Level 1:colcon.colcon_core.environment:checking '/home/rishi/aurdinorobot_ws/install/aurdinorobot_description/lib/pkgconfig/aurdinorobot_description.pc'
[1.077s] Level 1:colcon.colcon_core.environment:checking '/home/rishi/aurdinorobot_ws/install/aurdinorobot_description/lib/python3.10/site-packages'
[1.077s] Level 1:colcon.colcon_core.environment:checking '/home/rishi/aurdinorobot_ws/install/aurdinorobot_description/bin'
[1.077s] INFO:colcon.colcon_core.shell:Creating package script '/home/rishi/aurdinorobot_ws/install/aurdinorobot_description/share/aurdinorobot_description/package.ps1'
[1.078s] INFO:colcon.colcon_core.shell:Creating package descriptor '/home/rishi/aurdinorobot_ws/install/aurdinorobot_description/share/aurdinorobot_description/package.dsv'
[1.078s] INFO:colcon.colcon_core.shell:Creating package script '/home/rishi/aurdinorobot_ws/install/aurdinorobot_description/share/aurdinorobot_description/package.sh'
[1.079s] INFO:colcon.colcon_core.shell:Creating package script '/home/rishi/aurdinorobot_ws/install/aurdinorobot_description/share/aurdinorobot_description/package.bash'
[1.079s] INFO:colcon.colcon_core.shell:Creating package script '/home/rishi/aurdinorobot_ws/install/aurdinorobot_description/share/aurdinorobot_description/package.zsh'
[1.079s] Level 1:colcon.colcon_core.environment:create_file_with_runtime_dependencies(/home/rishi/aurdinorobot_ws/install/aurdinorobot_description/share/colcon-core/packages/aurdinorobot_description)
[1.111s] Level 1:colcon.colcon_core.environment:create_environment_scripts_only(aurdinorobot_description)
[1.111s] Level 1:colcon.colcon_core.environment:checking '/home/rishi/aurdinorobot_ws/install/aurdinorobot_description' for CMake module files
[1.111s] Level 1:colcon.colcon_core.environment:checking '/home/rishi/aurdinorobot_ws/install/aurdinorobot_description' for CMake config files
[1.112s] Level 1:colcon.colcon_core.shell:create_environment_hook('aurdinorobot_description', 'cmake_prefix_path')
[1.112s] INFO:colcon.colcon_core.shell:Creating environment hook '/home/rishi/aurdinorobot_ws/install/aurdinorobot_description/share/aurdinorobot_description/hook/cmake_prefix_path.ps1'
[1.113s] INFO:colcon.colcon_core.shell:Creating environment descriptor '/home/rishi/aurdinorobot_ws/install/aurdinorobot_description/share/aurdinorobot_description/hook/cmake_prefix_path.dsv'
[1.113s] INFO:colcon.colcon_core.shell:Creating environment hook '/home/rishi/aurdinorobot_ws/install/aurdinorobot_description/share/aurdinorobot_description/hook/cmake_prefix_path.sh'
[1.114s] Level 1:colcon.colcon_core.environment:checking '/home/rishi/aurdinorobot_ws/install/aurdinorobot_description/bin'
[1.114s] Level 1:colcon.colcon_core.environment:checking '/home/rishi/aurdinorobot_ws/install/aurdinorobot_description/lib/pkgconfig/aurdinorobot_description.pc'
[1.114s] Level 1:colcon.colcon_core.environment:checking '/home/rishi/aurdinorobot_ws/install/aurdinorobot_description/lib/python3.10/site-packages'
[1.114s] Level 1:colcon.colcon_core.environment:checking '/home/rishi/aurdinorobot_ws/install/aurdinorobot_description/bin'
[1.115s] INFO:colcon.colcon_core.shell:Creating package script '/home/rishi/aurdinorobot_ws/install/aurdinorobot_description/share/aurdinorobot_description/package.ps1'
[1.115s] INFO:colcon.colcon_core.shell:Creating package descriptor '/home/rishi/aurdinorobot_ws/install/aurdinorobot_description/share/aurdinorobot_description/package.dsv'
[1.116s] INFO:colcon.colcon_core.shell:Creating package script '/home/rishi/aurdinorobot_ws/install/aurdinorobot_description/share/aurdinorobot_description/package.sh'
[1.117s] INFO:colcon.colcon_core.shell:Creating package script '/home/rishi/aurdinorobot_ws/install/aurdinorobot_description/share/aurdinorobot_description/package.bash'
[1.117s] INFO:colcon.colcon_core.shell:Creating package script '/home/rishi/aurdinorobot_ws/install/aurdinorobot_description/share/aurdinorobot_description/package.zsh'
[1.118s] Level 1:colcon.colcon_core.environment:create_file_with_runtime_dependencies(/home/rishi/aurdinorobot_ws/install/aurdinorobot_description/share/colcon-core/packages/aurdinorobot_description)
[1.197s] DEBUG:colcon.colcon_core.event_handler.log_command:Invoking command in '/home/rishi/aurdinorobot_ws/src/aurdinobot_py_examples': PYTHONPATH=/home/rishi/aurdinorobot_ws/build/aurdinobot_py_examples/prefix_override:/home/rishi/aurdinorobot_ws/install/aurdinobot_py_examples/lib/python3.10/site-packages:${PYTHONPATH} /usr/bin/python3 -W ignore:setup.py install is deprecated setup.py egg_info --egg-base ../../build/aurdinobot_py_examples build --build-base /home/rishi/aurdinorobot_ws/build/aurdinobot_py_examples/build install --record /home/rishi/aurdinorobot_ws/build/aurdinobot_py_examples/install.log --single-version-externally-managed install_data
[1.775s] Level 1:colcon.colcon_core.environment:checking '/home/rishi/aurdinorobot_ws/install/aurdinobot_py_examples' for CMake module files
[1.777s] DEBUG:colcon.colcon_core.event_handler.log_command:Invoked command in '/home/rishi/aurdinorobot_ws/src/aurdinobot_py_examples' returned '0': PYTHONPATH=/home/rishi/aurdinorobot_ws/build/aurdinobot_py_examples/prefix_override:/home/rishi/aurdinorobot_ws/install/aurdinobot_py_examples/lib/python3.10/site-packages:${PYTHONPATH} /usr/bin/python3 -W ignore:setup.py install is deprecated setup.py egg_info --egg-base ../../build/aurdinobot_py_examples build --build-base /home/rishi/aurdinorobot_ws/build/aurdinobot_py_examples/build install --record /home/rishi/aurdinorobot_ws/build/aurdinobot_py_examples/install.log --single-version-externally-managed install_data
[1.777s] Level 1:colcon.colcon_core.environment:checking '/home/rishi/aurdinorobot_ws/install/aurdinobot_py_examples' for CMake config files
[1.779s] Level 1:colcon.colcon_core.environment:checking '/home/rishi/aurdinorobot_ws/install/aurdinobot_py_examples/lib'
[1.779s] Level 1:colcon.colcon_core.environment:checking '/home/rishi/aurdinorobot_ws/install/aurdinobot_py_examples/bin'
[1.779s] Level 1:colcon.colcon_core.environment:checking '/home/rishi/aurdinorobot_ws/install/aurdinobot_py_examples/lib/pkgconfig/aurdinobot_py_examples.pc'
[1.780s] Level 1:colcon.colcon_core.environment:checking '/home/rishi/aurdinorobot_ws/install/aurdinobot_py_examples/lib/python3.10/site-packages'
[1.780s] Level 1:colcon.colcon_core.shell:create_environment_hook('aurdinobot_py_examples', 'pythonpath')
[1.781s] INFO:colcon.colcon_core.shell:Creating environment hook '/home/rishi/aurdinorobot_ws/install/aurdinobot_py_examples/share/aurdinobot_py_examples/hook/pythonpath.ps1'
[1.782s] INFO:colcon.colcon_core.shell:Creating environment descriptor '/home/rishi/aurdinorobot_ws/install/aurdinobot_py_examples/share/aurdinobot_py_examples/hook/pythonpath.dsv'
[1.783s] INFO:colcon.colcon_core.shell:Creating environment hook '/home/rishi/aurdinorobot_ws/install/aurdinobot_py_examples/share/aurdinobot_py_examples/hook/pythonpath.sh'
[1.785s] Level 1:colcon.colcon_core.environment:checking '/home/rishi/aurdinorobot_ws/install/aurdinobot_py_examples/bin'
[1.785s] Level 1:colcon.colcon_core.environment:create_environment_scripts_only(aurdinobot_py_examples)
[1.786s] INFO:colcon.colcon_core.shell:Creating package script '/home/rishi/aurdinorobot_ws/install/aurdinobot_py_examples/share/aurdinobot_py_examples/package.ps1'
[1.788s] INFO:colcon.colcon_core.shell:Creating package descriptor '/home/rishi/aurdinorobot_ws/install/aurdinobot_py_examples/share/aurdinobot_py_examples/package.dsv'
[1.789s] INFO:colcon.colcon_core.shell:Creating package script '/home/rishi/aurdinorobot_ws/install/aurdinobot_py_examples/share/aurdinobot_py_examples/package.sh'
[1.789s] INFO:colcon.colcon_core.shell:Creating package script '/home/rishi/aurdinorobot_ws/install/aurdinobot_py_examples/share/aurdinobot_py_examples/package.bash'
[1.790s] INFO:colcon.colcon_core.shell:Creating package script '/home/rishi/aurdinorobot_ws/install/aurdinobot_py_examples/share/aurdinobot_py_examples/package.zsh'
[1.790s] Level 1:colcon.colcon_core.environment:create_file_with_runtime_dependencies(/home/rishi/aurdinorobot_ws/install/aurdinobot_py_examples/share/colcon-core/packages/aurdinobot_py_examples)
[1.791s] DEBUG:colcon.colcon_parallel_executor.executor.parallel:closing loop
[1.792s] DEBUG:colcon.colcon_parallel_executor.executor.parallel:loop closed
[1.793s] DEBUG:colcon.colcon_parallel_executor.executor.parallel:run_until_complete finished with '0'
[1.793s] DEBUG:colcon.colcon_core.event_reactor:joining thread
[1.801s] INFO:colcon.colcon_core.plugin_system:Skipping extension 'colcon_notification.desktop_notification.terminal_notifier': Not used on non-Darwin systems
[1.801s] INFO:colcon.colcon_core.plugin_system:Skipping extension 'colcon_notification.desktop_notification.win32': Not used on non-Windows systems
[1.801s] INFO:colcon.colcon_notification.desktop_notification:Sending desktop notification using 'notify2'
[1.819s] DEBUG:colcon.colcon_core.event_reactor:joined thread
[1.819s] INFO:colcon.colcon_core.shell:Creating prefix script '/home/rishi/aurdinorobot_ws/install/local_setup.ps1'
[1.821s] INFO:colcon.colcon_core.shell:Creating prefix util module '/home/rishi/aurdinorobot_ws/install/_local_setup_util_ps1.py'
[1.824s] INFO:colcon.colcon_core.shell:Creating prefix chain script '/home/rishi/aurdinorobot_ws/install/setup.ps1'
[1.826s] INFO:colcon.colcon_core.shell:Creating prefix script '/home/rishi/aurdinorobot_ws/install/local_setup.sh'
[1.827s] INFO:colcon.colcon_core.shell:Creating prefix util module '/home/rishi/aurdinorobot_ws/install/_local_setup_util_sh.py'
[1.828s] INFO:colcon.colcon_core.shell:Creating prefix chain script '/home/rishi/aurdinorobot_ws/install/setup.sh'
[1.830s] INFO:colcon.colcon_core.shell:Creating prefix script '/home/rishi/aurdinorobot_ws/install/local_setup.bash'
[1.831s] INFO:colcon.colcon_core.shell:Creating prefix chain script '/home/rishi/aurdinorobot_ws/install/setup.bash'
[1.833s] INFO:colcon.colcon_core.shell:Creating prefix script '/home/rishi/aurdinorobot_ws/install/local_setup.zsh'
[1.834s] INFO:colcon.colcon_core.shell:Creating prefix chain script '/home/rishi/aurdinorobot_ws/install/setup.zsh'
