[0.376s] Invoking command in '/home/rishi/aurdinorobot_ws/build/aurdinorobot_controller': CMAKE_PREFIX_PATH=${CMAKE_PREFIX_PATH}:/home/rishi/aurdinorobot_ws/install/aurdinobot_py_examples:/home/rishi/Desktop/ROS2-Self-Driving-Car-AI-using-OpenCV-34dbd42379571ce15dfddcd7bb851ab772a2b23d/install/self_driving_car_pkg:/opt/ros/humble /usr/bin/cmake --build /home/rishi/aurdinorobot_ws/build/aurdinorobot_controller -- -j8 -l8
[0.446s] Invoked command in '/home/rishi/aurdinorobot_ws/build/aurdinorobot_controller' returned '0': CMAKE_PREFIX_PATH=${CMAKE_PREFIX_PATH}:/home/rishi/aurdinorobot_ws/install/aurdinobot_py_examples:/home/rishi/Desktop/ROS2-Self-Driving-Car-AI-using-OpenCV-34dbd42379571ce15dfddcd7bb851ab772a2b23d/install/self_driving_car_pkg:/opt/ros/humble /usr/bin/cmake --build /home/rishi/aurdinorobot_ws/build/aurdinorobot_controller -- -j8 -l8
[0.506s] Invoking command in '/home/rishi/aurdinorobot_ws/build/aurdinorobot_controller': CMAKE_PREFIX_PATH=${CMAKE_PREFIX_PATH}:/home/rishi/aurdinorobot_ws/install/aurdinobot_py_examples:/home/rishi/Desktop/ROS2-Self-Driving-Car-AI-using-OpenCV-34dbd42379571ce15dfddcd7bb851ab772a2b23d/install/self_driving_car_pkg:/opt/ros/humble /usr/bin/cmake --install /home/rishi/aurdinorobot_ws/build/aurdinorobot_controller
[0.517s] -- Install configuration: ""
[0.517s] -- Up-to-date: /home/rishi/aurdinorobot_ws/install/aurdinorobot_controller/share/aurdinorobot_controller/config
[0.518s] -- Up-to-date: /home/rishi/aurdinorobot_ws/install/aurdinorobot_controller/share/aurdinorobot_controller/config/aurdinorobot_controller.yaml
[0.518s] -- Up-to-date: /home/rishi/aurdinorobot_ws/install/aurdinorobot_controller/share/ament_index/resource_index/package_run_dependencies/aurdinorobot_controller
[0.518s] -- Up-to-date: /home/rishi/aurdinorobot_ws/install/aurdinorobot_controller/share/ament_index/resource_index/parent_prefix_path/aurdinorobot_controller
[0.518s] -- Up-to-date: /home/rishi/aurdinorobot_ws/install/aurdinorobot_controller/share/aurdinorobot_controller/environment/ament_prefix_path.sh
[0.518s] -- Up-to-date: /home/rishi/aurdinorobot_ws/install/aurdinorobot_controller/share/aurdinorobot_controller/environment/ament_prefix_path.dsv
[0.518s] -- Up-to-date: /home/rishi/aurdinorobot_ws/install/aurdinorobot_controller/share/aurdinorobot_controller/environment/path.sh
[0.518s] -- Up-to-date: /home/rishi/aurdinorobot_ws/install/aurdinorobot_controller/share/aurdinorobot_controller/environment/path.dsv
[0.518s] -- Up-to-date: /home/rishi/aurdinorobot_ws/install/aurdinorobot_controller/share/aurdinorobot_controller/local_setup.bash
[0.518s] -- Up-to-date: /home/rishi/aurdinorobot_ws/install/aurdinorobot_controller/share/aurdinorobot_controller/local_setup.sh
[0.519s] -- Up-to-date: /home/rishi/aurdinorobot_ws/install/aurdinorobot_controller/share/aurdinorobot_controller/local_setup.zsh
[0.519s] -- Up-to-date: /home/rishi/aurdinorobot_ws/install/aurdinorobot_controller/share/aurdinorobot_controller/local_setup.dsv
[0.519s] -- Up-to-date: /home/rishi/aurdinorobot_ws/install/aurdinorobot_controller/share/aurdinorobot_controller/package.dsv
[0.519s] -- Up-to-date: /home/rishi/aurdinorobot_ws/install/aurdinorobot_controller/share/ament_index/resource_index/packages/aurdinorobot_controller
[0.519s] -- Up-to-date: /home/rishi/aurdinorobot_ws/install/aurdinorobot_controller/share/aurdinorobot_controller/cmake/aurdinorobot_controllerConfig.cmake
[0.520s] -- Up-to-date: /home/rishi/aurdinorobot_ws/install/aurdinorobot_controller/share/aurdinorobot_controller/cmake/aurdinorobot_controllerConfig-version.cmake
[0.520s] -- Up-to-date: /home/rishi/aurdinorobot_ws/install/aurdinorobot_controller/share/aurdinorobot_controller/package.xml
[0.526s] Invoked command in '/home/rishi/aurdinorobot_ws/build/aurdinorobot_controller' returned '0': CMAKE_PREFIX_PATH=${CMAKE_PREFIX_PATH}:/home/rishi/aurdinorobot_ws/install/aurdinobot_py_examples:/home/rishi/Desktop/ROS2-Self-Driving-Car-AI-using-OpenCV-34dbd42379571ce15dfddcd7bb851ab772a2b23d/install/self_driving_car_pkg:/opt/ros/humble /usr/bin/cmake --install /home/rishi/aurdinorobot_ws/build/aurdinorobot_controller
