running egg_info
writing ../../build/aurdinobot_py_examples/aurdinobot_py_examples.egg-info/PKG-INFO
writing dependency_links to ../../build/aurdinobot_py_examples/aurdinobot_py_examples.egg-info/dependency_links.txt
writing requirements to ../../build/aurdinobot_py_examples/aurdinobot_py_examples.egg-info/requires.txt
writing top-level names to ../../build/aurdinobot_py_examples/aurdinobot_py_examples.egg-info/top_level.txt
reading manifest file '../../build/aurdinobot_py_examples/aurdinobot_py_examples.egg-info/SOURCES.txt'
writing manifest file '../../build/aurdinobot_py_examples/aurdinobot_py_examples.egg-info/SOURCES.txt'
running build
running build_py
copying aurdinobot_py_examples/simple_publisher.py -> /home/rishi/aurdinorobot_ws/build/aurdinobot_py_examples/build/lib/aurdinobot_py_examples
copying aurdinobot_py_examples/__init__.py -> /home/rishi/aurdinorobot_ws/build/aurdinobot_py_examples/build/lib/aurdinobot_py_examples
running install
running install_lib
copying /home/rishi/aurdinorobot_ws/build/aurdinobot_py_examples/build/lib/aurdinobot_py_examples/simple_publisher.py -> /home/rishi/aurdinorobot_ws/install/aurdinobot_py_examples/lib/python3.10/site-packages/aurdinobot_py_examples
byte-compiling /home/rishi/aurdinorobot_ws/install/aurdinobot_py_examples/lib/python3.10/site-packages/aurdinobot_py_examples/simple_publisher.py to simple_publisher.cpython-310.pyc
running install_data
running install_egg_info
removing '/home/rishi/aurdinorobot_ws/install/aurdinobot_py_examples/lib/python3.10/site-packages/aurdinobot_py_examples-0.0.0-py3.10.egg-info' (and everything under it)
Copying ../../build/aurdinobot_py_examples/aurdinobot_py_examples.egg-info to /home/rishi/aurdinorobot_ws/install/aurdinobot_py_examples/lib/python3.10/site-packages/aurdinobot_py_examples-0.0.0-py3.10.egg-info
running install_scripts
writing list of installed files to '/home/rishi/aurdinorobot_ws/build/aurdinobot_py_examples/install.log'
