[1.278s] Invoking command in '/home/rishi/aurdinorobot_ws/src/aurdinobot_py_examples': PYTHONPATH=/home/rishi/aurdinorobot_ws/build/aurdinobot_py_examples/prefix_override:/home/rishi/aurdinorobot_ws/install/aurdinobot_py_examples/lib/python3.10/site-packages:${PYTHONPATH} /usr/bin/python3 -W ignore:setup.py install is deprecated setup.py egg_info --egg-base ../../build/aurdinobot_py_examples build --build-base /home/rishi/aurdinorobot_ws/build/aurdinobot_py_examples/build install --record /home/rishi/aurdinorobot_ws/build/aurdinobot_py_examples/install.log --single-version-externally-managed install_data
[1.626s] running egg_info
[1.646s] writing ../../build/aurdinobot_py_examples/aurdinobot_py_examples.egg-info/PKG-INFO
[1.647s] writing dependency_links to ../../build/aurdinobot_py_examples/aurdinobot_py_examples.egg-info/dependency_links.txt
[1.647s] writing requirements to ../../build/aurdinobot_py_examples/aurdinobot_py_examples.egg-info/requires.txt
[1.648s] writing top-level names to ../../build/aurdinobot_py_examples/aurdinobot_py_examples.egg-info/top_level.txt
[1.691s] reading manifest file '../../build/aurdinobot_py_examples/aurdinobot_py_examples.egg-info/SOURCES.txt'
[1.693s] writing manifest file '../../build/aurdinobot_py_examples/aurdinobot_py_examples.egg-info/SOURCES.txt'
[1.693s] running build
[1.693s] running build_py
[1.694s] copying aurdinobot_py_examples/simple_publisher.py -> /home/rishi/aurdinorobot_ws/build/aurdinobot_py_examples/build/lib/aurdinobot_py_examples
[1.694s] copying aurdinobot_py_examples/__init__.py -> /home/rishi/aurdinorobot_ws/build/aurdinobot_py_examples/build/lib/aurdinobot_py_examples
[1.694s] running install
[1.700s] running install_lib
[1.722s] copying /home/rishi/aurdinorobot_ws/build/aurdinobot_py_examples/build/lib/aurdinobot_py_examples/simple_publisher.py -> /home/rishi/aurdinorobot_ws/install/aurdinobot_py_examples/lib/python3.10/site-packages/aurdinobot_py_examples
[1.723s] byte-compiling /home/rishi/aurdinorobot_ws/install/aurdinobot_py_examples/lib/python3.10/site-packages/aurdinobot_py_examples/simple_publisher.py to simple_publisher.cpython-310.pyc
[1.724s] running install_data
[1.724s] running install_egg_info
[1.747s] removing '/home/rishi/aurdinorobot_ws/install/aurdinobot_py_examples/lib/python3.10/site-packages/aurdinobot_py_examples-0.0.0-py3.10.egg-info' (and everything under it)
[1.749s] Copying ../../build/aurdinobot_py_examples/aurdinobot_py_examples.egg-info to /home/rishi/aurdinorobot_ws/install/aurdinobot_py_examples/lib/python3.10/site-packages/aurdinobot_py_examples-0.0.0-py3.10.egg-info
[1.751s] running install_scripts
[1.941s] writing list of installed files to '/home/rishi/aurdinorobot_ws/build/aurdinobot_py_examples/install.log'
[2.008s] Invoked command in '/home/rishi/aurdinorobot_ws/src/aurdinobot_py_examples' returned '0': PYTHONPATH=/home/rishi/aurdinorobot_ws/build/aurdinobot_py_examples/prefix_override:/home/rishi/aurdinorobot_ws/install/aurdinobot_py_examples/lib/python3.10/site-packages:${PYTHONPATH} /usr/bin/python3 -W ignore:setup.py install is deprecated setup.py egg_info --egg-base ../../build/aurdinobot_py_examples build --build-base /home/rishi/aurdinorobot_ws/build/aurdinobot_py_examples/build install --record /home/rishi/aurdinorobot_ws/build/aurdinobot_py_examples/install.log --single-version-externally-managed install_data
