[0.139s] DEBUG:colcon:Command line arguments: ['/usr/bin/colcon', 'build']
[0.139s] DEBUG:colcon:Parsed command line arguments: Namespace(log_base=None, log_level=None, verb_name='build', build_base='build', install_base='install', merge_install=False, symlink_install=False, test_result_base=None, continue_on_error=False, executor='parallel', parallel_workers=8, event_handlers=None, ignore_user_meta=False, metas=['./colcon.meta'], base_paths=['.'], packages_ignore=None, packages_ignore_regex=None, paths=None, packages_up_to=None, packages_up_to_regex=None, packages_above=None, packages_above_and_dependencies=None, packages_above_depth=None, packages_select_by_dep=None, packages_skip_by_dep=None, packages_skip_up_to=None, packages_select_build_failed=False, packages_skip_build_finished=False, packages_select_test_failures=False, packages_skip_test_passed=False, packages_select=None, packages_skip=None, packages_select_regex=None, packages_skip_regex=None, packages_start=None, packages_end=None, allow_overriding=[], cmake_args=None, cmake_target=None, cmake_target_skip_unavailable=False, cmake_clean_cache=False, cmake_clean_first=False, cmake_force_configure=False, ament_cmake_args=None, catkin_cmake_args=None, catkin_skip_building_tests=False, verb_parser=<colcon_defaults.argument_parser.defaults.DefaultArgumentsDecorator object at 0x723591330280>, verb_extension=<colcon_core.verb.build.BuildVerb object at 0x7235914f3d00>, main=<bound method BuildVerb.main of <colcon_core.verb.build.BuildVerb object at 0x7235914f3d00>>)
[0.192s] Level 1:colcon.colcon_core.package_discovery:discover_packages(colcon_meta) check parameters
[0.192s] Level 1:colcon.colcon_core.package_discovery:discover_packages(recursive) check parameters
[0.192s] Level 1:colcon.colcon_core.package_discovery:discover_packages(ignore) check parameters
[0.192s] Level 1:colcon.colcon_core.package_discovery:discover_packages(path) check parameters
[0.192s] Level 1:colcon.colcon_core.package_discovery:discover_packages(colcon_meta) discover
[0.192s] Level 1:colcon.colcon_core.package_discovery:discover_packages(recursive) discover
[0.192s] INFO:colcon.colcon_core.package_discovery:Crawling recursively for packages in '/home/rishi/aurdinorobot_ws'
[0.192s] Level 1:colcon.colcon_core.package_identification:_identify(.) by extensions ['ignore', 'ignore_ament_install']
[0.192s] Level 1:colcon.colcon_core.package_identification:_identify(.) by extension 'ignore'
[0.193s] Level 1:colcon.colcon_core.package_identification:_identify(.) by extension 'ignore_ament_install'
[0.193s] Level 1:colcon.colcon_core.package_identification:_identify(.) by extensions ['colcon_pkg']
[0.193s] Level 1:colcon.colcon_core.package_identification:_identify(.) by extension 'colcon_pkg'
[0.193s] Level 1:colcon.colcon_core.package_identification:_identify(.) by extensions ['colcon_meta']
[0.193s] Level 1:colcon.colcon_core.package_identification:_identify(.) by extension 'colcon_meta'
[0.193s] Level 1:colcon.colcon_core.package_identification:_identify(.) by extensions ['ros']
[0.193s] Level 1:colcon.colcon_core.package_identification:_identify(.) by extension 'ros'
[0.212s] Level 1:colcon.colcon_core.package_identification:_identify(.) by extensions ['cmake', 'python']
[0.212s] Level 1:colcon.colcon_core.package_identification:_identify(.) by extension 'cmake'
[0.212s] Level 1:colcon.colcon_core.package_identification:_identify(.) by extension 'python'
[0.212s] Level 1:colcon.colcon_core.package_identification:_identify(.) by extensions ['python_setup_py']
[0.212s] Level 1:colcon.colcon_core.package_identification:_identify(.) by extension 'python_setup_py'
[0.213s] Level 1:colcon.colcon_core.package_identification:_identify(build) by extensions ['ignore', 'ignore_ament_install']
[0.213s] Level 1:colcon.colcon_core.package_identification:_identify(build) by extension 'ignore'
[0.213s] Level 1:colcon.colcon_core.package_identification:_identify(build) ignored
[0.213s] Level 1:colcon.colcon_core.package_identification:_identify(install) by extensions ['ignore', 'ignore_ament_install']
[0.213s] Level 1:colcon.colcon_core.package_identification:_identify(install) by extension 'ignore'
[0.213s] Level 1:colcon.colcon_core.package_identification:_identify(install) ignored
[0.213s] Level 1:colcon.colcon_core.package_identification:_identify(log) by extensions ['ignore', 'ignore_ament_install']
[0.213s] Level 1:colcon.colcon_core.package_identification:_identify(log) by extension 'ignore'
[0.214s] Level 1:colcon.colcon_core.package_identification:_identify(log) ignored
[0.214s] Level 1:colcon.colcon_core.package_identification:_identify(src) by extensions ['ignore', 'ignore_ament_install']
[0.214s] Level 1:colcon.colcon_core.package_identification:_identify(src) by extension 'ignore'
[0.214s] Level 1:colcon.colcon_core.package_identification:_identify(src) by extension 'ignore_ament_install'
[0.214s] Level 1:colcon.colcon_core.package_identification:_identify(src) by extensions ['colcon_pkg']
[0.214s] Level 1:colcon.colcon_core.package_identification:_identify(src) by extension 'colcon_pkg'
[0.214s] Level 1:colcon.colcon_core.package_identification:_identify(src) by extensions ['colcon_meta']
[0.214s] Level 1:colcon.colcon_core.package_identification:_identify(src) by extension 'colcon_meta'
[0.214s] Level 1:colcon.colcon_core.package_identification:_identify(src) by extensions ['ros']
[0.214s] Level 1:colcon.colcon_core.package_identification:_identify(src) by extension 'ros'
[0.215s] Level 1:colcon.colcon_core.package_identification:_identify(src) by extensions ['cmake', 'python']
[0.215s] Level 1:colcon.colcon_core.package_identification:_identify(src) by extension 'cmake'
[0.215s] Level 1:colcon.colcon_core.package_identification:_identify(src) by extension 'python'
[0.215s] Level 1:colcon.colcon_core.package_identification:_identify(src) by extensions ['python_setup_py']
[0.215s] Level 1:colcon.colcon_core.package_identification:_identify(src) by extension 'python_setup_py'
[0.215s] Level 1:colcon.colcon_core.package_identification:_identify(src/aurdinobot_cpp_examples) by extensions ['ignore', 'ignore_ament_install']
[0.215s] Level 1:colcon.colcon_core.package_identification:_identify(src/aurdinobot_cpp_examples) by extension 'ignore'
[0.215s] Level 1:colcon.colcon_core.package_identification:_identify(src/aurdinobot_cpp_examples) by extension 'ignore_ament_install'
[0.215s] Level 1:colcon.colcon_core.package_identification:_identify(src/aurdinobot_cpp_examples) by extensions ['colcon_pkg']
[0.215s] Level 1:colcon.colcon_core.package_identification:_identify(src/aurdinobot_cpp_examples) by extension 'colcon_pkg'
[0.215s] Level 1:colcon.colcon_core.package_identification:_identify(src/aurdinobot_cpp_examples) by extensions ['colcon_meta']
[0.215s] Level 1:colcon.colcon_core.package_identification:_identify(src/aurdinobot_cpp_examples) by extension 'colcon_meta'
[0.215s] Level 1:colcon.colcon_core.package_identification:_identify(src/aurdinobot_cpp_examples) by extensions ['ros']
[0.215s] Level 1:colcon.colcon_core.package_identification:_identify(src/aurdinobot_cpp_examples) by extension 'ros'
[0.218s] DEBUG:colcon.colcon_core.package_identification:Package 'src/aurdinobot_cpp_examples' with type 'ros.ament_cmake' and name 'aurdinobot_cpp_examples'
[0.218s] Level 1:colcon.colcon_core.package_identification:_identify(src/aurdinobot_py_examples) by extensions ['ignore', 'ignore_ament_install']
[0.218s] Level 1:colcon.colcon_core.package_identification:_identify(src/aurdinobot_py_examples) by extension 'ignore'
[0.218s] Level 1:colcon.colcon_core.package_identification:_identify(src/aurdinobot_py_examples) by extension 'ignore_ament_install'
[0.218s] Level 1:colcon.colcon_core.package_identification:_identify(src/aurdinobot_py_examples) by extensions ['colcon_pkg']
[0.218s] Level 1:colcon.colcon_core.package_identification:_identify(src/aurdinobot_py_examples) by extension 'colcon_pkg'
[0.219s] Level 1:colcon.colcon_core.package_identification:_identify(src/aurdinobot_py_examples) by extensions ['colcon_meta']
[0.219s] Level 1:colcon.colcon_core.package_identification:_identify(src/aurdinobot_py_examples) by extension 'colcon_meta'
[0.219s] Level 1:colcon.colcon_core.package_identification:_identify(src/aurdinobot_py_examples) by extensions ['ros']
[0.219s] Level 1:colcon.colcon_core.package_identification:_identify(src/aurdinobot_py_examples) by extension 'ros'
[0.219s] DEBUG:colcon.colcon_core.package_identification:Package 'src/aurdinobot_py_examples' with type 'ros.ament_python' and name 'aurdinobot_py_examples'
[0.219s] Level 1:colcon.colcon_core.package_identification:_identify(src/aurdinorobot_description) by extensions ['ignore', 'ignore_ament_install']
[0.219s] Level 1:colcon.colcon_core.package_identification:_identify(src/aurdinorobot_description) by extension 'ignore'
[0.220s] Level 1:colcon.colcon_core.package_identification:_identify(src/aurdinorobot_description) by extension 'ignore_ament_install'
[0.220s] Level 1:colcon.colcon_core.package_identification:_identify(src/aurdinorobot_description) by extensions ['colcon_pkg']
[0.220s] Level 1:colcon.colcon_core.package_identification:_identify(src/aurdinorobot_description) by extension 'colcon_pkg'
[0.220s] Level 1:colcon.colcon_core.package_identification:_identify(src/aurdinorobot_description) by extensions ['colcon_meta']
[0.220s] Level 1:colcon.colcon_core.package_identification:_identify(src/aurdinorobot_description) by extension 'colcon_meta'
[0.220s] Level 1:colcon.colcon_core.package_identification:_identify(src/aurdinorobot_description) by extensions ['ros']
[0.220s] Level 1:colcon.colcon_core.package_identification:_identify(src/aurdinorobot_description) by extension 'ros'
[0.220s] DEBUG:colcon.colcon_core.package_identification:Package 'src/aurdinorobot_description' with type 'ros.ament_cmake' and name 'aurdinorobot_description'
[0.221s] Level 1:colcon.colcon_core.package_discovery:discover_packages(recursive) using defaults
[0.221s] Level 1:colcon.colcon_core.package_discovery:discover_packages(ignore) discover
[0.221s] Level 1:colcon.colcon_core.package_discovery:discover_packages(ignore) using defaults
[0.221s] Level 1:colcon.colcon_core.package_discovery:discover_packages(path) discover
[0.221s] Level 1:colcon.colcon_core.package_discovery:discover_packages(path) using defaults
[0.243s] Level 1:colcon.colcon_core.package_discovery:discover_packages(prefix_path) check parameters
[0.243s] Level 1:colcon.colcon_core.package_discovery:discover_packages(prefix_path) discover
[0.245s] DEBUG:colcon.colcon_installed_package_information.package_discovery:Found 3 installed packages in /home/rishi/aurdinorobot_ws/install
[0.245s] DEBUG:colcon.colcon_installed_package_information.package_discovery:Found 1 installed packages in /home/rishi/Desktop/ROS2-Self-Driving-Car-AI-using-OpenCV-34dbd42379571ce15dfddcd7bb851ab772a2b23d/install
[0.247s] DEBUG:colcon.colcon_installed_package_information.package_discovery:Found 282 installed packages in /opt/ros/humble
[0.250s] Level 1:colcon.colcon_core.package_discovery:discover_packages(prefix_path) using defaults
[0.294s] Level 5:colcon.colcon_core.verb:set package 'aurdinobot_cpp_examples' build argument 'cmake_args' from command line to 'None'
[0.294s] Level 5:colcon.colcon_core.verb:set package 'aurdinobot_cpp_examples' build argument 'cmake_target' from command line to 'None'
[0.294s] Level 5:colcon.colcon_core.verb:set package 'aurdinobot_cpp_examples' build argument 'cmake_target_skip_unavailable' from command line to 'False'
[0.294s] Level 5:colcon.colcon_core.verb:set package 'aurdinobot_cpp_examples' build argument 'cmake_clean_cache' from command line to 'False'
[0.294s] Level 5:colcon.colcon_core.verb:set package 'aurdinobot_cpp_examples' build argument 'cmake_clean_first' from command line to 'False'
[0.294s] Level 5:colcon.colcon_core.verb:set package 'aurdinobot_cpp_examples' build argument 'cmake_force_configure' from command line to 'False'
[0.294s] Level 5:colcon.colcon_core.verb:set package 'aurdinobot_cpp_examples' build argument 'ament_cmake_args' from command line to 'None'
[0.294s] Level 5:colcon.colcon_core.verb:set package 'aurdinobot_cpp_examples' build argument 'catkin_cmake_args' from command line to 'None'
[0.294s] Level 5:colcon.colcon_core.verb:set package 'aurdinobot_cpp_examples' build argument 'catkin_skip_building_tests' from command line to 'False'
[0.294s] DEBUG:colcon.colcon_core.verb:Building package 'aurdinobot_cpp_examples' with the following arguments: {'ament_cmake_args': None, 'build_base': '/home/rishi/aurdinorobot_ws/build/aurdinobot_cpp_examples', 'catkin_cmake_args': None, 'catkin_skip_building_tests': False, 'cmake_args': None, 'cmake_clean_cache': False, 'cmake_clean_first': False, 'cmake_force_configure': False, 'cmake_target': None, 'cmake_target_skip_unavailable': False, 'install_base': '/home/rishi/aurdinorobot_ws/install/aurdinobot_cpp_examples', 'merge_install': False, 'path': '/home/rishi/aurdinorobot_ws/src/aurdinobot_cpp_examples', 'symlink_install': False, 'test_result_base': None}
[0.294s] Level 5:colcon.colcon_core.verb:set package 'aurdinobot_py_examples' build argument 'cmake_args' from command line to 'None'
[0.294s] Level 5:colcon.colcon_core.verb:set package 'aurdinobot_py_examples' build argument 'cmake_target' from command line to 'None'
[0.294s] Level 5:colcon.colcon_core.verb:set package 'aurdinobot_py_examples' build argument 'cmake_target_skip_unavailable' from command line to 'False'
[0.295s] Level 5:colcon.colcon_core.verb:set package 'aurdinobot_py_examples' build argument 'cmake_clean_cache' from command line to 'False'
[0.295s] Level 5:colcon.colcon_core.verb:set package 'aurdinobot_py_examples' build argument 'cmake_clean_first' from command line to 'False'
[0.295s] Level 5:colcon.colcon_core.verb:set package 'aurdinobot_py_examples' build argument 'cmake_force_configure' from command line to 'False'
[0.295s] Level 5:colcon.colcon_core.verb:set package 'aurdinobot_py_examples' build argument 'ament_cmake_args' from command line to 'None'
[0.295s] Level 5:colcon.colcon_core.verb:set package 'aurdinobot_py_examples' build argument 'catkin_cmake_args' from command line to 'None'
[0.295s] Level 5:colcon.colcon_core.verb:set package 'aurdinobot_py_examples' build argument 'catkin_skip_building_tests' from command line to 'False'
[0.295s] DEBUG:colcon.colcon_core.verb:Building package 'aurdinobot_py_examples' with the following arguments: {'ament_cmake_args': None, 'build_base': '/home/rishi/aurdinorobot_ws/build/aurdinobot_py_examples', 'catkin_cmake_args': None, 'catkin_skip_building_tests': False, 'cmake_args': None, 'cmake_clean_cache': False, 'cmake_clean_first': False, 'cmake_force_configure': False, 'cmake_target': None, 'cmake_target_skip_unavailable': False, 'install_base': '/home/rishi/aurdinorobot_ws/install/aurdinobot_py_examples', 'merge_install': False, 'path': '/home/rishi/aurdinorobot_ws/src/aurdinobot_py_examples', 'symlink_install': False, 'test_result_base': None}
[0.295s] Level 5:colcon.colcon_core.verb:set package 'aurdinorobot_description' build argument 'cmake_args' from command line to 'None'
[0.295s] Level 5:colcon.colcon_core.verb:set package 'aurdinorobot_description' build argument 'cmake_target' from command line to 'None'
[0.295s] Level 5:colcon.colcon_core.verb:set package 'aurdinorobot_description' build argument 'cmake_target_skip_unavailable' from command line to 'False'
[0.295s] Level 5:colcon.colcon_core.verb:set package 'aurdinorobot_description' build argument 'cmake_clean_cache' from command line to 'False'
[0.295s] Level 5:colcon.colcon_core.verb:set package 'aurdinorobot_description' build argument 'cmake_clean_first' from command line to 'False'
[0.295s] Level 5:colcon.colcon_core.verb:set package 'aurdinorobot_description' build argument 'cmake_force_configure' from command line to 'False'
[0.295s] Level 5:colcon.colcon_core.verb:set package 'aurdinorobot_description' build argument 'ament_cmake_args' from command line to 'None'
[0.295s] Level 5:colcon.colcon_core.verb:set package 'aurdinorobot_description' build argument 'catkin_cmake_args' from command line to 'None'
[0.295s] Level 5:colcon.colcon_core.verb:set package 'aurdinorobot_description' build argument 'catkin_skip_building_tests' from command line to 'False'
[0.295s] DEBUG:colcon.colcon_core.verb:Building package 'aurdinorobot_description' with the following arguments: {'ament_cmake_args': None, 'build_base': '/home/rishi/aurdinorobot_ws/build/aurdinorobot_description', 'catkin_cmake_args': None, 'catkin_skip_building_tests': False, 'cmake_args': None, 'cmake_clean_cache': False, 'cmake_clean_first': False, 'cmake_force_configure': False, 'cmake_target': None, 'cmake_target_skip_unavailable': False, 'install_base': '/home/rishi/aurdinorobot_ws/install/aurdinorobot_description', 'merge_install': False, 'path': '/home/rishi/aurdinorobot_ws/src/aurdinorobot_description', 'symlink_install': False, 'test_result_base': None}
[0.296s] INFO:colcon.colcon_core.executor:Executing jobs using 'parallel' executor
[0.297s] DEBUG:colcon.colcon_parallel_executor.executor.parallel:run_until_complete
[0.297s] INFO:colcon.colcon_ros.task.ament_cmake.build:Building ROS package in '/home/rishi/aurdinorobot_ws/src/aurdinobot_cpp_examples' with build type 'ament_cmake'
[0.297s] INFO:colcon.colcon_cmake.task.cmake.build:Building CMake package in '/home/rishi/aurdinorobot_ws/src/aurdinobot_cpp_examples'
[0.300s] INFO:colcon.colcon_core.plugin_system:Skipping extension 'colcon_core.shell.bat': Not used on non-Windows systems
[0.300s] INFO:colcon.colcon_core.shell:Skip shell extension 'powershell' for command environment: Not usable outside of PowerShell
[0.300s] DEBUG:colcon.colcon_core.shell:Skip shell extension 'dsv' for command environment
[0.305s] INFO:colcon.colcon_ros.task.ament_python.build:Building ROS package in '/home/rishi/aurdinorobot_ws/src/aurdinobot_py_examples' with build type 'ament_python'
[0.306s] Level 1:colcon.colcon_core.shell:create_environment_hook('aurdinobot_py_examples', 'ament_prefix_path')
[0.306s] INFO:colcon.colcon_core.shell:Creating environment hook '/home/rishi/aurdinorobot_ws/install/aurdinobot_py_examples/share/aurdinobot_py_examples/hook/ament_prefix_path.ps1'
[0.307s] INFO:colcon.colcon_core.shell:Creating environment descriptor '/home/rishi/aurdinorobot_ws/install/aurdinobot_py_examples/share/aurdinobot_py_examples/hook/ament_prefix_path.dsv'
[0.307s] INFO:colcon.colcon_core.shell:Creating environment hook '/home/rishi/aurdinorobot_ws/install/aurdinobot_py_examples/share/aurdinobot_py_examples/hook/ament_prefix_path.sh'
[0.308s] INFO:colcon.colcon_core.shell:Skip shell extension 'powershell' for command environment: Not usable outside of PowerShell
[0.308s] DEBUG:colcon.colcon_core.shell:Skip shell extension 'dsv' for command environment
[0.313s] INFO:colcon.colcon_ros.task.ament_cmake.build:Building ROS package in '/home/rishi/aurdinorobot_ws/src/aurdinorobot_description' with build type 'ament_cmake'
[0.314s] INFO:colcon.colcon_cmake.task.cmake.build:Building CMake package in '/home/rishi/aurdinorobot_ws/src/aurdinorobot_description'
[0.314s] INFO:colcon.colcon_core.shell:Skip shell extension 'powershell' for command environment: Not usable outside of PowerShell
[0.314s] DEBUG:colcon.colcon_core.shell:Skip shell extension 'dsv' for command environment
[0.328s] DEBUG:colcon.colcon_core.event_handler.log_command:Invoking command in '/home/rishi/aurdinorobot_ws/build/aurdinobot_cpp_examples': CMAKE_PREFIX_PATH=${CMAKE_PREFIX_PATH}:/home/rishi/aurdinorobot_ws/install/aurdinobot_py_examples:/home/rishi/Desktop/ROS2-Self-Driving-Car-AI-using-OpenCV-34dbd42379571ce15dfddcd7bb851ab772a2b23d/install/self_driving_car_pkg:/opt/ros/humble /usr/bin/cmake --build /home/rishi/aurdinorobot_ws/build/aurdinobot_cpp_examples -- -j8 -l8
[0.600s] INFO:colcon.colcon_core.task.python.build:Building Python package in '/home/rishi/aurdinorobot_ws/src/aurdinobot_py_examples'
[0.601s] INFO:colcon.colcon_core.shell:Skip shell extension 'powershell' for command environment: Not usable outside of PowerShell
[0.601s] DEBUG:colcon.colcon_core.shell:Skip shell extension 'dsv' for command environment
[0.625s] DEBUG:colcon.colcon_core.event_handler.log_command:Invoking command in '/home/rishi/aurdinorobot_ws/build/aurdinorobot_description': CMAKE_PREFIX_PATH=${CMAKE_PREFIX_PATH}:/home/rishi/aurdinorobot_ws/install/aurdinobot_py_examples:/home/rishi/Desktop/ROS2-Self-Driving-Car-AI-using-OpenCV-34dbd42379571ce15dfddcd7bb851ab772a2b23d/install/self_driving_car_pkg:/opt/ros/humble /usr/bin/cmake --build /home/rishi/aurdinorobot_ws/build/aurdinorobot_description -- -j8 -l8
[0.627s] DEBUG:colcon.colcon_core.event_handler.log_command:Invoked command in '/home/rishi/aurdinorobot_ws/build/aurdinobot_cpp_examples' returned '0': CMAKE_PREFIX_PATH=${CMAKE_PREFIX_PATH}:/home/rishi/aurdinorobot_ws/install/aurdinobot_py_examples:/home/rishi/Desktop/ROS2-Self-Driving-Car-AI-using-OpenCV-34dbd42379571ce15dfddcd7bb851ab772a2b23d/install/self_driving_car_pkg:/opt/ros/humble /usr/bin/cmake --build /home/rishi/aurdinorobot_ws/build/aurdinobot_cpp_examples -- -j8 -l8
[0.677s] DEBUG:colcon.colcon_core.event_handler.log_command:Invoking command in '/home/rishi/aurdinorobot_ws/build/aurdinobot_cpp_examples': CMAKE_PREFIX_PATH=${CMAKE_PREFIX_PATH}:/home/rishi/aurdinorobot_ws/install/aurdinobot_py_examples:/home/rishi/Desktop/ROS2-Self-Driving-Car-AI-using-OpenCV-34dbd42379571ce15dfddcd7bb851ab772a2b23d/install/self_driving_car_pkg:/opt/ros/humble /usr/bin/cmake --install /home/rishi/aurdinorobot_ws/build/aurdinobot_cpp_examples
[0.678s] DEBUG:colcon.colcon_core.event_handler.log_command:Invoked command in '/home/rishi/aurdinorobot_ws/build/aurdinorobot_description' returned '0': CMAKE_PREFIX_PATH=${CMAKE_PREFIX_PATH}:/home/rishi/aurdinorobot_ws/install/aurdinobot_py_examples:/home/rishi/Desktop/ROS2-Self-Driving-Car-AI-using-OpenCV-34dbd42379571ce15dfddcd7bb851ab772a2b23d/install/self_driving_car_pkg:/opt/ros/humble /usr/bin/cmake --build /home/rishi/aurdinorobot_ws/build/aurdinorobot_description -- -j8 -l8
[0.692s] Level 1:colcon.colcon_core.environment:create_environment_scripts_only(aurdinobot_cpp_examples)
[0.693s] DEBUG:colcon.colcon_core.event_handler.log_command:Invoked command in '/home/rishi/aurdinorobot_ws/build/aurdinobot_cpp_examples' returned '0': CMAKE_PREFIX_PATH=${CMAKE_PREFIX_PATH}:/home/rishi/aurdinorobot_ws/install/aurdinobot_py_examples:/home/rishi/Desktop/ROS2-Self-Driving-Car-AI-using-OpenCV-34dbd42379571ce15dfddcd7bb851ab772a2b23d/install/self_driving_car_pkg:/opt/ros/humble /usr/bin/cmake --install /home/rishi/aurdinorobot_ws/build/aurdinobot_cpp_examples
[0.697s] Level 1:colcon.colcon_core.environment:checking '/home/rishi/aurdinorobot_ws/install/aurdinobot_cpp_examples' for CMake module files
[0.698s] Level 1:colcon.colcon_core.environment:checking '/home/rishi/aurdinorobot_ws/install/aurdinobot_cpp_examples' for CMake config files
[0.698s] Level 1:colcon.colcon_core.shell:create_environment_hook('aurdinobot_cpp_examples', 'cmake_prefix_path')
[0.699s] INFO:colcon.colcon_core.shell:Creating environment hook '/home/rishi/aurdinorobot_ws/install/aurdinobot_cpp_examples/share/aurdinobot_cpp_examples/hook/cmake_prefix_path.ps1'
[0.700s] INFO:colcon.colcon_core.shell:Creating environment descriptor '/home/rishi/aurdinorobot_ws/install/aurdinobot_cpp_examples/share/aurdinobot_cpp_examples/hook/cmake_prefix_path.dsv'
[0.700s] INFO:colcon.colcon_core.shell:Creating environment hook '/home/rishi/aurdinorobot_ws/install/aurdinobot_cpp_examples/share/aurdinobot_cpp_examples/hook/cmake_prefix_path.sh'
[0.701s] Level 1:colcon.colcon_core.environment:checking '/home/rishi/aurdinorobot_ws/install/aurdinobot_cpp_examples/bin'
[0.702s] Level 1:colcon.colcon_core.environment:checking '/home/rishi/aurdinorobot_ws/install/aurdinobot_cpp_examples/lib/pkgconfig/aurdinobot_cpp_examples.pc'
[0.702s] Level 1:colcon.colcon_core.environment:checking '/home/rishi/aurdinorobot_ws/install/aurdinobot_cpp_examples/lib/python3.10/site-packages'
[0.702s] Level 1:colcon.colcon_core.environment:checking '/home/rishi/aurdinorobot_ws/install/aurdinobot_cpp_examples/bin'
[0.702s] INFO:colcon.colcon_core.shell:Creating package script '/home/rishi/aurdinorobot_ws/install/aurdinobot_cpp_examples/share/aurdinobot_cpp_examples/package.ps1'
[0.704s] INFO:colcon.colcon_core.shell:Creating package descriptor '/home/rishi/aurdinorobot_ws/install/aurdinobot_cpp_examples/share/aurdinobot_cpp_examples/package.dsv'
[0.704s] INFO:colcon.colcon_core.shell:Creating package script '/home/rishi/aurdinorobot_ws/install/aurdinobot_cpp_examples/share/aurdinobot_cpp_examples/package.sh'
[0.705s] INFO:colcon.colcon_core.shell:Creating package script '/home/rishi/aurdinorobot_ws/install/aurdinobot_cpp_examples/share/aurdinobot_cpp_examples/package.bash'
[0.707s] INFO:colcon.colcon_core.shell:Creating package script '/home/rishi/aurdinorobot_ws/install/aurdinobot_cpp_examples/share/aurdinobot_cpp_examples/package.zsh'
[0.708s] Level 1:colcon.colcon_core.environment:create_file_with_runtime_dependencies(/home/rishi/aurdinorobot_ws/install/aurdinobot_cpp_examples/share/colcon-core/packages/aurdinobot_cpp_examples)
[0.716s] DEBUG:colcon.colcon_core.event_handler.log_command:Invoking command in '/home/rishi/aurdinorobot_ws/build/aurdinorobot_description': CMAKE_PREFIX_PATH=${CMAKE_PREFIX_PATH}:/home/rishi/aurdinorobot_ws/install/aurdinobot_py_examples:/home/rishi/Desktop/ROS2-Self-Driving-Car-AI-using-OpenCV-34dbd42379571ce15dfddcd7bb851ab772a2b23d/install/self_driving_car_pkg:/opt/ros/humble /usr/bin/cmake --install /home/rishi/aurdinorobot_ws/build/aurdinorobot_description
[0.733s] Level 1:colcon.colcon_core.environment:create_environment_scripts_only(aurdinorobot_description)
[0.733s] Level 1:colcon.colcon_core.environment:checking '/home/rishi/aurdinorobot_ws/install/aurdinorobot_description' for CMake module files
[0.734s] DEBUG:colcon.colcon_core.event_handler.log_command:Invoked command in '/home/rishi/aurdinorobot_ws/build/aurdinorobot_description' returned '0': CMAKE_PREFIX_PATH=${CMAKE_PREFIX_PATH}:/home/rishi/aurdinorobot_ws/install/aurdinobot_py_examples:/home/rishi/Desktop/ROS2-Self-Driving-Car-AI-using-OpenCV-34dbd42379571ce15dfddcd7bb851ab772a2b23d/install/self_driving_car_pkg:/opt/ros/humble /usr/bin/cmake --install /home/rishi/aurdinorobot_ws/build/aurdinorobot_description
[0.734s] Level 1:colcon.colcon_core.environment:checking '/home/rishi/aurdinorobot_ws/install/aurdinorobot_description' for CMake config files
[0.735s] Level 1:colcon.colcon_core.shell:create_environment_hook('aurdinorobot_description', 'cmake_prefix_path')
[0.735s] INFO:colcon.colcon_core.shell:Creating environment hook '/home/rishi/aurdinorobot_ws/install/aurdinorobot_description/share/aurdinorobot_description/hook/cmake_prefix_path.ps1'
[0.736s] INFO:colcon.colcon_core.shell:Creating environment descriptor '/home/rishi/aurdinorobot_ws/install/aurdinorobot_description/share/aurdinorobot_description/hook/cmake_prefix_path.dsv'
[0.736s] INFO:colcon.colcon_core.shell:Creating environment hook '/home/rishi/aurdinorobot_ws/install/aurdinorobot_description/share/aurdinorobot_description/hook/cmake_prefix_path.sh'
[0.737s] Level 1:colcon.colcon_core.environment:checking '/home/rishi/aurdinorobot_ws/install/aurdinorobot_description/bin'
[0.737s] Level 1:colcon.colcon_core.environment:checking '/home/rishi/aurdinorobot_ws/install/aurdinorobot_description/lib/pkgconfig/aurdinorobot_description.pc'
[0.737s] Level 1:colcon.colcon_core.environment:checking '/home/rishi/aurdinorobot_ws/install/aurdinorobot_description/lib/python3.10/site-packages'
[0.738s] Level 1:colcon.colcon_core.environment:checking '/home/rishi/aurdinorobot_ws/install/aurdinorobot_description/bin'
[0.738s] INFO:colcon.colcon_core.shell:Creating package script '/home/rishi/aurdinorobot_ws/install/aurdinorobot_description/share/aurdinorobot_description/package.ps1'
[0.739s] INFO:colcon.colcon_core.shell:Creating package descriptor '/home/rishi/aurdinorobot_ws/install/aurdinorobot_description/share/aurdinorobot_description/package.dsv'
[0.739s] INFO:colcon.colcon_core.shell:Creating package script '/home/rishi/aurdinorobot_ws/install/aurdinorobot_description/share/aurdinorobot_description/package.sh'
[0.740s] INFO:colcon.colcon_core.shell:Creating package script '/home/rishi/aurdinorobot_ws/install/aurdinorobot_description/share/aurdinorobot_description/package.bash'
[0.741s] INFO:colcon.colcon_core.shell:Creating package script '/home/rishi/aurdinorobot_ws/install/aurdinorobot_description/share/aurdinorobot_description/package.zsh'
[0.741s] Level 1:colcon.colcon_core.environment:create_file_with_runtime_dependencies(/home/rishi/aurdinorobot_ws/install/aurdinorobot_description/share/colcon-core/packages/aurdinorobot_description)
[0.744s] Level 1:colcon.colcon_core.environment:create_environment_scripts_only(aurdinobot_cpp_examples)
[0.744s] Level 1:colcon.colcon_core.environment:checking '/home/rishi/aurdinorobot_ws/install/aurdinobot_cpp_examples' for CMake module files
[0.744s] Level 1:colcon.colcon_core.environment:checking '/home/rishi/aurdinorobot_ws/install/aurdinobot_cpp_examples' for CMake config files
[0.745s] Level 1:colcon.colcon_core.shell:create_environment_hook('aurdinobot_cpp_examples', 'cmake_prefix_path')
[0.745s] INFO:colcon.colcon_core.shell:Creating environment hook '/home/rishi/aurdinorobot_ws/install/aurdinobot_cpp_examples/share/aurdinobot_cpp_examples/hook/cmake_prefix_path.ps1'
[0.746s] INFO:colcon.colcon_core.shell:Creating environment descriptor '/home/rishi/aurdinorobot_ws/install/aurdinobot_cpp_examples/share/aurdinobot_cpp_examples/hook/cmake_prefix_path.dsv'
[0.746s] INFO:colcon.colcon_core.shell:Creating environment hook '/home/rishi/aurdinorobot_ws/install/aurdinobot_cpp_examples/share/aurdinobot_cpp_examples/hook/cmake_prefix_path.sh'
[0.747s] Level 1:colcon.colcon_core.environment:checking '/home/rishi/aurdinorobot_ws/install/aurdinobot_cpp_examples/bin'
[0.747s] Level 1:colcon.colcon_core.environment:checking '/home/rishi/aurdinorobot_ws/install/aurdinobot_cpp_examples/lib/pkgconfig/aurdinobot_cpp_examples.pc'
[0.747s] Level 1:colcon.colcon_core.environment:checking '/home/rishi/aurdinorobot_ws/install/aurdinobot_cpp_examples/lib/python3.10/site-packages'
[0.748s] Level 1:colcon.colcon_core.environment:checking '/home/rishi/aurdinorobot_ws/install/aurdinobot_cpp_examples/bin'
[0.748s] INFO:colcon.colcon_core.shell:Creating package script '/home/rishi/aurdinorobot_ws/install/aurdinobot_cpp_examples/share/aurdinobot_cpp_examples/package.ps1'
[0.749s] INFO:colcon.colcon_core.shell:Creating package descriptor '/home/rishi/aurdinorobot_ws/install/aurdinobot_cpp_examples/share/aurdinobot_cpp_examples/package.dsv'
[0.749s] INFO:colcon.colcon_core.shell:Creating package script '/home/rishi/aurdinorobot_ws/install/aurdinobot_cpp_examples/share/aurdinobot_cpp_examples/package.sh'
[0.750s] INFO:colcon.colcon_core.shell:Creating package script '/home/rishi/aurdinorobot_ws/install/aurdinobot_cpp_examples/share/aurdinobot_cpp_examples/package.bash'
[0.750s] INFO:colcon.colcon_core.shell:Creating package script '/home/rishi/aurdinorobot_ws/install/aurdinobot_cpp_examples/share/aurdinobot_cpp_examples/package.zsh'
[0.751s] Level 1:colcon.colcon_core.environment:create_file_with_runtime_dependencies(/home/rishi/aurdinorobot_ws/install/aurdinobot_cpp_examples/share/colcon-core/packages/aurdinobot_cpp_examples)
[0.774s] Level 1:colcon.colcon_core.environment:create_environment_scripts_only(aurdinorobot_description)
[0.774s] Level 1:colcon.colcon_core.environment:checking '/home/rishi/aurdinorobot_ws/install/aurdinorobot_description' for CMake module files
[0.775s] Level 1:colcon.colcon_core.environment:checking '/home/rishi/aurdinorobot_ws/install/aurdinorobot_description' for CMake config files
[0.776s] Level 1:colcon.colcon_core.shell:create_environment_hook('aurdinorobot_description', 'cmake_prefix_path')
[0.776s] INFO:colcon.colcon_core.shell:Creating environment hook '/home/rishi/aurdinorobot_ws/install/aurdinorobot_description/share/aurdinorobot_description/hook/cmake_prefix_path.ps1'
[0.776s] INFO:colcon.colcon_core.shell:Creating environment descriptor '/home/rishi/aurdinorobot_ws/install/aurdinorobot_description/share/aurdinorobot_description/hook/cmake_prefix_path.dsv'
[0.777s] INFO:colcon.colcon_core.shell:Creating environment hook '/home/rishi/aurdinorobot_ws/install/aurdinorobot_description/share/aurdinorobot_description/hook/cmake_prefix_path.sh'
[0.778s] Level 1:colcon.colcon_core.environment:checking '/home/rishi/aurdinorobot_ws/install/aurdinorobot_description/bin'
[0.778s] Level 1:colcon.colcon_core.environment:checking '/home/rishi/aurdinorobot_ws/install/aurdinorobot_description/lib/pkgconfig/aurdinorobot_description.pc'
[0.778s] Level 1:colcon.colcon_core.environment:checking '/home/rishi/aurdinorobot_ws/install/aurdinorobot_description/lib/python3.10/site-packages'
[0.778s] Level 1:colcon.colcon_core.environment:checking '/home/rishi/aurdinorobot_ws/install/aurdinorobot_description/bin'
[0.779s] INFO:colcon.colcon_core.shell:Creating package script '/home/rishi/aurdinorobot_ws/install/aurdinorobot_description/share/aurdinorobot_description/package.ps1'
[0.779s] INFO:colcon.colcon_core.shell:Creating package descriptor '/home/rishi/aurdinorobot_ws/install/aurdinorobot_description/share/aurdinorobot_description/package.dsv'
[0.780s] INFO:colcon.colcon_core.shell:Creating package script '/home/rishi/aurdinorobot_ws/install/aurdinorobot_description/share/aurdinorobot_description/package.sh'
[0.780s] INFO:colcon.colcon_core.shell:Creating package script '/home/rishi/aurdinorobot_ws/install/aurdinorobot_description/share/aurdinorobot_description/package.bash'
[0.781s] INFO:colcon.colcon_core.shell:Creating package script '/home/rishi/aurdinorobot_ws/install/aurdinorobot_description/share/aurdinorobot_description/package.zsh'
[0.781s] Level 1:colcon.colcon_core.environment:create_file_with_runtime_dependencies(/home/rishi/aurdinorobot_ws/install/aurdinorobot_description/share/colcon-core/packages/aurdinorobot_description)
[1.306s] DEBUG:colcon.colcon_core.event_handler.log_command:Invoking command in '/home/rishi/aurdinorobot_ws/src/aurdinobot_py_examples': PYTHONPATH=/home/rishi/aurdinorobot_ws/build/aurdinobot_py_examples/prefix_override:/home/rishi/aurdinorobot_ws/install/aurdinobot_py_examples/lib/python3.10/site-packages:${PYTHONPATH} /usr/bin/python3 -W ignore:setup.py install is deprecated setup.py egg_info --egg-base ../../build/aurdinobot_py_examples build --build-base /home/rishi/aurdinorobot_ws/build/aurdinobot_py_examples/build install --record /home/rishi/aurdinorobot_ws/build/aurdinobot_py_examples/install.log --single-version-externally-managed install_data
[1.906s] Level 1:colcon.colcon_core.environment:checking '/home/rishi/aurdinorobot_ws/install/aurdinobot_py_examples' for CMake module files
[1.908s] DEBUG:colcon.colcon_core.event_handler.log_command:Invoked command in '/home/rishi/aurdinorobot_ws/src/aurdinobot_py_examples' returned '0': PYTHONPATH=/home/rishi/aurdinorobot_ws/build/aurdinobot_py_examples/prefix_override:/home/rishi/aurdinorobot_ws/install/aurdinobot_py_examples/lib/python3.10/site-packages:${PYTHONPATH} /usr/bin/python3 -W ignore:setup.py install is deprecated setup.py egg_info --egg-base ../../build/aurdinobot_py_examples build --build-base /home/rishi/aurdinorobot_ws/build/aurdinobot_py_examples/build install --record /home/rishi/aurdinorobot_ws/build/aurdinobot_py_examples/install.log --single-version-externally-managed install_data
[1.908s] Level 1:colcon.colcon_core.environment:checking '/home/rishi/aurdinorobot_ws/install/aurdinobot_py_examples' for CMake config files
[1.910s] Level 1:colcon.colcon_core.environment:checking '/home/rishi/aurdinorobot_ws/install/aurdinobot_py_examples/lib'
[1.910s] Level 1:colcon.colcon_core.environment:checking '/home/rishi/aurdinorobot_ws/install/aurdinobot_py_examples/bin'
[1.910s] Level 1:colcon.colcon_core.environment:checking '/home/rishi/aurdinorobot_ws/install/aurdinobot_py_examples/lib/pkgconfig/aurdinobot_py_examples.pc'
[1.911s] Level 1:colcon.colcon_core.environment:checking '/home/rishi/aurdinorobot_ws/install/aurdinobot_py_examples/lib/python3.10/site-packages'
[1.911s] Level 1:colcon.colcon_core.shell:create_environment_hook('aurdinobot_py_examples', 'pythonpath')
[1.912s] INFO:colcon.colcon_core.shell:Creating environment hook '/home/rishi/aurdinorobot_ws/install/aurdinobot_py_examples/share/aurdinobot_py_examples/hook/pythonpath.ps1'
[1.913s] INFO:colcon.colcon_core.shell:Creating environment descriptor '/home/rishi/aurdinorobot_ws/install/aurdinobot_py_examples/share/aurdinobot_py_examples/hook/pythonpath.dsv'
[1.913s] INFO:colcon.colcon_core.shell:Creating environment hook '/home/rishi/aurdinorobot_ws/install/aurdinobot_py_examples/share/aurdinobot_py_examples/hook/pythonpath.sh'
[1.915s] Level 1:colcon.colcon_core.environment:checking '/home/rishi/aurdinorobot_ws/install/aurdinobot_py_examples/bin'
[1.915s] Level 1:colcon.colcon_core.environment:create_environment_scripts_only(aurdinobot_py_examples)
[1.916s] INFO:colcon.colcon_core.shell:Creating package script '/home/rishi/aurdinorobot_ws/install/aurdinobot_py_examples/share/aurdinobot_py_examples/package.ps1'
[1.917s] INFO:colcon.colcon_core.shell:Creating package descriptor '/home/rishi/aurdinorobot_ws/install/aurdinobot_py_examples/share/aurdinobot_py_examples/package.dsv'
[1.919s] INFO:colcon.colcon_core.shell:Creating package script '/home/rishi/aurdinorobot_ws/install/aurdinobot_py_examples/share/aurdinobot_py_examples/package.sh'
[1.920s] INFO:colcon.colcon_core.shell:Creating package script '/home/rishi/aurdinorobot_ws/install/aurdinobot_py_examples/share/aurdinobot_py_examples/package.bash'
[1.920s] INFO:colcon.colcon_core.shell:Creating package script '/home/rishi/aurdinorobot_ws/install/aurdinobot_py_examples/share/aurdinobot_py_examples/package.zsh'
[1.921s] Level 1:colcon.colcon_core.environment:create_file_with_runtime_dependencies(/home/rishi/aurdinorobot_ws/install/aurdinobot_py_examples/share/colcon-core/packages/aurdinobot_py_examples)
[1.922s] DEBUG:colcon.colcon_parallel_executor.executor.parallel:closing loop
[1.923s] DEBUG:colcon.colcon_parallel_executor.executor.parallel:loop closed
[1.923s] DEBUG:colcon.colcon_parallel_executor.executor.parallel:run_until_complete finished with '0'
[1.923s] DEBUG:colcon.colcon_core.event_reactor:joining thread
[1.939s] INFO:colcon.colcon_core.plugin_system:Skipping extension 'colcon_notification.desktop_notification.terminal_notifier': Not used on non-Darwin systems
[1.939s] INFO:colcon.colcon_core.plugin_system:Skipping extension 'colcon_notification.desktop_notification.win32': Not used on non-Windows systems
[1.939s] INFO:colcon.colcon_notification.desktop_notification:Sending desktop notification using 'notify2'
[1.956s] DEBUG:colcon.colcon_core.event_reactor:joined thread
[1.956s] INFO:colcon.colcon_core.shell:Creating prefix script '/home/rishi/aurdinorobot_ws/install/local_setup.ps1'
[1.958s] INFO:colcon.colcon_core.shell:Creating prefix util module '/home/rishi/aurdinorobot_ws/install/_local_setup_util_ps1.py'
[1.960s] INFO:colcon.colcon_core.shell:Creating prefix chain script '/home/rishi/aurdinorobot_ws/install/setup.ps1'
[1.962s] INFO:colcon.colcon_core.shell:Creating prefix script '/home/rishi/aurdinorobot_ws/install/local_setup.sh'
[1.963s] INFO:colcon.colcon_core.shell:Creating prefix util module '/home/rishi/aurdinorobot_ws/install/_local_setup_util_sh.py'
[1.964s] INFO:colcon.colcon_core.shell:Creating prefix chain script '/home/rishi/aurdinorobot_ws/install/setup.sh'
[1.965s] INFO:colcon.colcon_core.shell:Creating prefix script '/home/rishi/aurdinorobot_ws/install/local_setup.bash'
[1.966s] INFO:colcon.colcon_core.shell:Creating prefix chain script '/home/rishi/aurdinorobot_ws/install/setup.bash'
[1.967s] INFO:colcon.colcon_core.shell:Creating prefix script '/home/rishi/aurdinorobot_ws/install/local_setup.zsh'
[1.968s] INFO:colcon.colcon_core.shell:Creating prefix chain script '/home/rishi/aurdinorobot_ws/install/setup.zsh'
